* Key: 478134b2163c2623875d4d7ffe8e1d02
* T-Spice Demo 9.12 Simulation	Fri Nov 11 19:30:51 2022	F:\IIT Dhanbad\1st Semester\Digital VLSI Lab\Day 1\Assignment_8.sp
* Command line: tspice -o "F:\IIT Dhanbad\1st Semester\Digital VLSI Lab\Day 1\Assignment_8.out" "F:\IIT Dhanbad\1st Semester\Digital VLSI Lab\Day 1\Assignment_8.sp" 
* T-Spice Win32 Demo 9.12.20040112.04:26:10
* Operating System: Windows NT/95
* Warning : "Assignment_8.sp" line 1 First line is a title and is ignored -> 
*		"M1 1 3 4 0 MOSN W=0.8U L=0.2U"
* Warning : Pulse risetime is equal to zero, reset to tstep
* Warning : Pulse falltime is equal to zero, reset to tstep
* Warning : Pulse risetime is equal to zero, reset to tstep
* Warning : Pulse falltime is equal to zero, reset to tstep
* Warning : Pulse risetime is equal to zero, reset to tstep
* Warning : Pulse falltime is equal to zero, reset to tstep
* Warning : Source perimeter (PS) is zero for MOSFET device M2
* Warning : Drain perimeter (PD) is zero for MOSFET device M2
* Warning : Source perimeter (PS) is zero for MOSFET device M3
* Warning : Drain perimeter (PD) is zero for MOSFET device M3
* Warning : Source perimeter (PS) is zero for MOSFET device M4
* Warning : Drain perimeter (PD) is zero for MOSFET device M4
* Warning : Source perimeter (PS) is zero for MOSFET device M5
* Warning : Drain perimeter (PD) is zero for MOSFET device M5
* Warning : Source perimeter (PS) is zero for MOSFET device M6
* Warning : Drain perimeter (PD) is zero for MOSFET device M6
*
* Warning : Disabling printout of duplicate warning messages.
*         : 	Use '.options maxmsg=0' to view all warnings,
*         : 	or increase maxmsg from 5 to view more messages.
*

*SEDIT: Alter blocks = 0

* 
* Device and node counts:
*             MOSFETs - 7                 MOSFET geometries - 2       
*                BJTs - 0                             JFETs - 0       
*             MESFETs - 0                            Diodes - 0       
*          Capacitors - 1                         Resistors - 0       
*           Inductors - 0                  Mutual inductors - 0       
*  Transmission lines - 0        Coupled transmission lines - 0       
*     Voltage sources - 4                   Current sources - 0       
*                VCVS - 0                              VCCS - 0       
*                CCVS - 0                              CCCS - 0       
*    V-control switch - 0                  I-control switch - 0       
*       Macro devices - 0        External C model instances - 0       
*         Subcircuits - 0              Subcircuit instances - 0       
*   Independent nodes - 3                    Boundary nodes - 5       
*         Total nodes - 8       

* *** 18 WARNING MESSAGES GENERATED DURING SETUP


*SEDIT: Alter=0
*SEDIT: Analysis types DCOP 1 ACMODEL 1 AC 0 TRANSIENT 1 TRANSFER 0 NOISE 0 

* BEGIN NON-GRAPHICAL DATA

DC ANALYSIS
v(1) =   5.0000e+000
v(2) =   5.0000e+000
v(3) =   5.0000e+000
v(4) =   5.2058e-009
v(5) =   5.0000e+000
v(9) =   5.0000e+000
v(10) =   3.0600e-009
i(VC1) =  -0.0000e+000
i(VC2) =  -0.0000e+000
i(VIN) =  -5.0000e-012
i(VDD) =  -1.5250e-011

* END NON-GRAPHICAL DATA

* BEGIN NON-GRAPHICAL DATA

AC SMALL-SIGNAL MODELS

              0             1             2             3          
              M2            M3            M4            M5           
MODEL         MOSP          MOSN          MOSP          MOSN         
TYPE          PMOS          NMOS          PMOS          NMOS         
REGION        Cutoff        Linear        Cutoff        Cutoff       
ID               0.           10.42843p      0.            0.      
IBS              0.         -3.06e-023     -50.00000f      0.      
IBD            -50.00000f   -5.21e-023     -50.00000f    -50.00000f
VGS              0.            5.00000       5.00000       5.20576n
VDS             -5.00000       2.14577n     -2.14577n      5.00000 
VBS              0.           -3.05999n      5.00000       0.      
VTH           -499.99986m    499.99992m   -950.02817m    499.99992m
VDSAT          499.99899m      4.50000       5.95003    -499.99941m
RS               0.            0.            0.            0.      
RD               0.            0.            0.            0.      
GM               0.            2.31743p      0.            0.      
GDS              0.            4.86000m      0.            0.      
GMB              0.          379.27907f      0.            0.      
GBD             10.00000f     10.00000f     10.00000f     10.00000f
GBS            389.23393f     10.00000f     10.00000f    389.22857f
CDTOT            9.20835a     18.41671a      9.20835a     18.41671a
CGTOT           27.62506a     55.25013a     27.62506a     55.25013a
CSTOT            9.20835a     18.41671a      9.20835a     18.41671a
CBTOT            9.20835a     18.41671a      9.20835a     18.41671a
CGS              9.20835a     18.41671a      9.20835a     18.41671a
CGD              9.20835a     18.41671a      9.20835a     18.41671a
CGB              9.20835a     18.41671a      9.20835a     18.41671a
CBD              0.            0.            0.            0.      
CBS              0.            0.            0.            0.      

              4             5             6          
              M6            M7            M8           
MODEL         MOSP          MOSN          MOSP         
TYPE          PMOS          NMOS          PMOS         
REGION        Linear        Linear        Cutoff       
ID              -5.05000p     14.87156p      0.      
IBS              0.            0.            0.      
IBD           -8.02e-023    -3.06e-023     -50.00000f
VGS             -5.00000       5.00000      -8.01587n
VDS             -8.01587n      3.05999n     -5.00000 
VBS              0.            0.            0.      
VTH           -499.99986m    499.99992m   -499.99986m
VDSAT           -4.50000       4.50000     499.99898m
RS               0.            0.            0.      
RD               0.            0.            0.      
GM               1.12222p      3.30479p      0.      
GDS            630.00004u      4.86000m      0.      
GMB            183.66688f    540.87290f      0.      
GBD            384.93481f     10.00000f     10.00000f
GBS            389.23393f    389.22857f    389.23393f
CDTOT            9.20835a     18.41671a      9.20835a
CGTOT           27.62506a     55.25013a     27.62506a
CSTOT            9.20835a     18.41671a      9.20835a
CBTOT            9.20835a     18.41671a      9.20835a
CGS              9.20835a     18.41671a      9.20835a
CGD              9.20835a     18.41671a      9.20835a
CGB              9.20835a     18.41671a      9.20835a
CBD              0.            0.            0.      
CBS              0.            0.            0.      


* VOLTAGE SOURCES

              7             8             9             10         
              VC1           VC2           VIN           VDD          
VOLTAGE          5.00000       5.00000       5.00000       5.00000 
CURRENT          0.            0.           -5.00000p    -15.25000p
POWER            0.            0.          -25.00000p    -76.25000p


Element name cross-reference:
      0 : M2
      1 : M3
      2 : M4
      3 : M5
      4 : M6
      5 : M7
      6 : M8
      7 : VC1
      8 : VC2
      9 : VIN
     10 : VDD

* END NON-GRAPHICAL DATA

*WEDIT: .tran   5e-013 1.2e-009
TRANSIENT ANALYSIS
Time<s>           v(10)<V>
 0.000000e+000  9.5970e-010
 3.125000e-014 -6.0475e-004
 7.625000e-014 -1.6416e-003
 1.212500e-013 -2.7055e-003
 1.615690e-013 -3.6709e-003
 2.021560e-013 -4.6140e-003
 2.477062e-013 -5.6286e-003
 3.011215e-013 -6.7379e-003
 3.594982e-013 -7.6720e-003
 4.136817e-013 -8.0442e-003
 4.579239e-013 -8.0953e-003
 4.979020e-013 -8.0888e-003
 5.000000e-013 -8.0867e-003
 5.209792e-013 -7.9423e-003
 5.526060e-013 -8.0264e-003
 5.881167e-013 -8.3854e-003
 6.258453e-013 -9.3458e-003
 6.729775e-013 -1.1208e-002
 7.296015e-013 -1.3381e-002
 7.662980e-013 -1.3697e-002
 7.865943e-013 -1.3041e-002
 8.055502e-013 -1.1770e-002
 8.257974e-013 -9.7968e-003
 8.503846e-013 -6.7490e-003
 8.838988e-013 -1.8547e-003
 9.366792e-013  6.6971e-003
 1.032706e-012  2.3102e-002
 1.188064e-012  5.0141e-002
 1.459665e-012  9.7675e-002
 2.067425e-012  2.0404e-001
 3.067425e-012  3.7813e-001
 4.067425e-012  5.5098e-001
 5.067425e-012  7.2242e-001
 6.067425e-012  8.9202e-001
 7.067425e-012  1.0593e+000
 8.067425e-012  1.2240e+000
 9.067425e-012  1.3855e+000
 1.006742e-011  1.5437e+000
 1.106742e-011  1.6982e+000
 1.206742e-011  1.8487e+000
 1.306742e-011  1.9951e+000
 1.406742e-011  2.1371e+000
 1.506742e-011  2.2746e+000
 1.606742e-011  2.4075e+000
 1.706742e-011  2.5357e+000
 1.806742e-011  2.6593e+000
 1.906742e-011  2.7781e+000
 2.006742e-011  2.8922e+000
 2.106742e-011  3.0017e+000
 2.206742e-011  3.1065e+000
 2.306742e-011  3.2068e+000
 2.406742e-011  3.3026e+000
 2.506742e-011  3.3940e+000
 2.606742e-011  3.4812e+000
 2.706742e-011  3.5643e+000
 2.806742e-011  3.6433e+000
 2.906742e-011  3.7185e+000
 3.006742e-011  3.7899e+000
 3.106742e-011  3.8577e+000
 3.206742e-011  3.9221e+000
 3.306742e-011  3.9831e+000
 3.406742e-011  4.0409e+000
 3.506742e-011  4.0957e+000
 3.606742e-011  4.1475e+000
 3.706742e-011  4.1966e+000
 3.806742e-011  4.2429e+000
 3.906742e-011  4.2868e+000
 4.006742e-011  4.3282e+000
 4.106742e-011  4.3674e+000
 4.206742e-011  4.4043e+000
 4.306742e-011  4.4392e+000
 4.406742e-011  4.4721e+000
 4.506742e-011  4.5031e+000
 4.606742e-011  4.5324e+000
 4.706742e-011  4.5600e+000
 4.806742e-011  4.5861e+000
 4.906742e-011  4.6106e+000
 5.006742e-011  4.6337e+000
 5.106742e-011  4.6555e+000
 5.206742e-011  4.6760e+000
 5.306742e-011  4.6953e+000
 5.406742e-011  4.7134e+000
 5.506742e-011  4.7306e+000
 5.606742e-011  4.7467e+000
 5.706742e-011  4.7618e+000
 5.806742e-011  4.7761e+000
 5.906742e-011  4.7895e+000
 6.006742e-011  4.8021e+000
 6.106742e-011  4.8140e+000
 6.206742e-011  4.8252e+000
 6.306742e-011  4.8357e+000
 6.406742e-011  4.8456e+000
 6.506742e-011  4.8549e+000
 6.606742e-011  4.8636e+000
 6.706742e-011  4.8719e+000
 6.806742e-011  4.8796e+000
 6.906742e-011  4.8868e+000
 7.006742e-011  4.8937e+000
 7.106742e-011  4.9001e+000
 7.206742e-011  4.9061e+000
 7.306742e-011  4.9118e+000
 7.406742e-011  4.9171e+000
 7.506742e-011  4.9221e+000
 7.606742e-011  4.9268e+000
 7.706742e-011  4.9313e+000
 7.806742e-011  4.9354e+000
 7.906742e-011  4.9393e+000
 8.006742e-011  4.9430e+000
 8.106742e-011  4.9465e+000
 8.206742e-011  4.9497e+000
 8.306742e-011  4.9528e+000
 8.406742e-011  4.9556e+000
 8.506742e-011  4.9583e+000
 8.606742e-011  4.9608e+000
 8.706742e-011  4.9632e+000
 8.806742e-011  4.9654e+000
 8.906742e-011  4.9675e+000
 9.006742e-011  4.9695e+000
 9.106742e-011  4.9713e+000
 9.206742e-011  4.9731e+000
 9.306742e-011  4.9747e+000
 9.406742e-011  4.9763e+000
 9.506742e-011  4.9777e+000
 9.606742e-011  4.9790e+000
 9.706742e-011  4.9803e+000
 9.806742e-011  4.9815e+000
 9.906742e-011  4.9826e+000
 1.000674e-010  4.9837e+000
 1.005000e-010  4.9841e+000
 1.005312e-010  4.9844e+000
 1.005762e-010  4.9849e+000
 1.006212e-010  4.9854e+000
 1.006615e-010  4.9859e+000
 1.007021e-010  4.9865e+000
 1.007477e-010  4.9872e+000
 1.008011e-010  4.9882e+000
 1.008594e-010  4.9893e+000
 1.009136e-010  4.9906e+000
 1.009579e-010  4.9917e+000
 1.009979e-010  4.9928e+000
 1.0100000e-010  4.9928e+000
 1.010209e-010  4.9932e+000
 1.012307e-010  4.9948e+000
 1.022307e-010  4.9970e+000
 1.032307e-010  4.9963e+000
 1.042307e-010  4.9969e+000
 1.052307e-010  4.9969e+000
 1.062307e-010  4.9972e+000
 1.072307e-010  4.9973e+000
 1.082307e-010  4.9975e+000
 1.092307e-010  4.9977e+000
 1.102307e-010  4.9978e+000
 1.112307e-010  4.9979e+000
 1.122307e-010  4.9981e+000
 1.132307e-010  4.9982e+000
 1.142307e-010  4.9983e+000
 1.152307e-010  4.9984e+000
 1.162307e-010  4.9985e+000
 1.172307e-010  4.9986e+000
 1.182307e-010  4.9987e+000
 1.192307e-010  4.9987e+000
 1.202307e-010  4.9988e+000
 1.212307e-010  4.9989e+000
 1.222307e-010  4.9990e+000
 1.232307e-010  4.9990e+000
 1.242307e-010  4.9991e+000
 1.252307e-010  4.9991e+000
 1.262307e-010  4.9992e+000
 1.272307e-010  4.9992e+000
 1.282307e-010  4.9993e+000
 1.292307e-010  4.9993e+000
 1.302307e-010  4.9994e+000
 1.312307e-010  4.9994e+000
 1.322307e-010  4.9994e+000
 1.332307e-010  4.9995e+000
 1.342307e-010  4.9995e+000
 1.352307e-010  4.9995e+000
 1.362307e-010  4.9996e+000
 1.372307e-010  4.9996e+000
 1.382307e-010  4.9996e+000
 1.392307e-010  4.9996e+000
 1.402307e-010  4.9997e+000
 1.412307e-010  4.9997e+000
 1.422307e-010  4.9997e+000
 1.432307e-010  4.9997e+000
 1.442307e-010  4.9997e+000
 1.452307e-010  4.9997e+000
 1.462307e-010  4.9998e+000
 1.472307e-010  4.9998e+000
 1.482307e-010  4.9998e+000
 1.492307e-010  4.9998e+000
 1.502307e-010  4.9998e+000
 1.512307e-010  4.9998e+000
 1.522307e-010  4.9998e+000
 1.532307e-010  4.9998e+000
 1.542307e-010  4.9999e+000
 1.552307e-010  4.9999e+000
 1.562307e-010  4.9999e+000
 1.572307e-010  4.9999e+000
 1.582307e-010  4.9999e+000
 1.592307e-010  4.9999e+000
 1.602307e-010  4.9999e+000
 1.612307e-010  4.9999e+000
 1.622307e-010  4.9999e+000
 1.632307e-010  4.9999e+000
 1.642307e-010  4.9999e+000
 1.652307e-010  4.9999e+000
 1.662307e-010  4.9999e+000
 1.672307e-010  4.9999e+000
 1.682307e-010  4.9999e+000
 1.692307e-010  4.9999e+000
 1.702307e-010  4.9999e+000
 1.712307e-010  4.9999e+000
 1.722307e-010  5.0000e+000
 1.732307e-010  5.0000e+000
 1.742307e-010  5.0000e+000
 1.752307e-010  5.0000e+000
 1.755000e-010  5.0000e+000
 1.755312e-010  5.0000e+000
 1.756887e-010  5.0000e+000
 1.758364e-010  5.0000e+000
 1.759442e-010  5.0000e+000
 1.760000e-010  5.0000e+000
 1.760312e-010  5.0000e+000
 1.763437e-010  5.0000e+000
 1.773437e-010  5.0000e+000
 1.783437e-010  5.0000e+000
 1.793437e-010  5.0000e+000
 1.803437e-010  5.0000e+000
 1.813437e-010  5.0000e+000
 1.823437e-010  5.0000e+000
 1.833437e-010  5.0000e+000
 1.843437e-010  5.0000e+000
 1.853437e-010  5.0000e+000
 1.863437e-010  5.0000e+000
 1.873437e-010  5.0000e+000
 1.883437e-010  5.0000e+000
 1.893437e-010  5.0000e+000
 1.903437e-010  5.0000e+000
 1.913437e-010  5.0000e+000
 1.923437e-010  5.0000e+000
 1.933437e-010  5.0000e+000
 1.943437e-010  5.0000e+000
 1.953437e-010  5.0000e+000
 1.963437e-010  5.0000e+000
 1.973437e-010  5.0000e+000
 1.983437e-010  5.0000e+000
 1.993437e-010  5.0000e+000
 2.000000e-010  5.0000e+000
 2.000312e-010  4.9996e+000
 2.000762e-010  4.9990e+000
 2.001212e-010  4.9983e+000
 2.001615e-010  4.9977e+000
 2.002021e-010  4.9970e+000
 2.002477e-010  4.9961e+000
 2.003011e-010  4.9951e+000
 2.003594e-010  4.9942e+000
 2.004136e-010  4.9935e+000
 2.004579e-010  4.9931e+000
 2.004979e-010  4.9927e+000
 2.0050000e-010  4.9927e+000
 2.005209e-010  4.9928e+000
 2.007307e-010  4.9931e+000
 2.010952e-010  4.9937e+000
 2.014717e-010  4.9944e+000
 2.019722e-010  4.9945e+000
 2.025456e-010  4.9862e+000
 2.030466e-010  4.9561e+000
 2.035005e-010  4.8938e+000
 2.039884e-010  4.7782e+000
 2.045856e-010  4.5670e+000
 2.053953e-010  4.1746e+000
 2.063953e-010  3.5618e+000
 2.073953e-010  2.8665e+000
 2.083953e-010  2.1786e+000
 2.093953e-010  1.5799e+000
 2.102926e-010  1.1477e+000
 2.111554e-010  8.2657e-001
 2.120706e-010  5.7368e-001
 2.130706e-010  3.7904e-001
 2.140706e-010  2.4767e-001
 2.150706e-010  1.6056e-001
 2.160706e-010  1.0349e-001
 2.170706e-010  6.6428e-002
 2.180706e-010  4.2511e-002
 2.190706e-010  2.7147e-002
 2.200706e-010  1.7309e-002
 2.210706e-010  1.1026e-002
 2.220706e-010  7.0195e-003
 2.230706e-010  4.4691e-003
 2.240706e-010  2.8473e-003
 2.250706e-010  1.8166e-003
 2.260706e-010  1.1619e-003
 2.270706e-010  7.4606e-004
 2.280706e-010  4.8186e-004
 2.290706e-010  3.1387e-004
 2.300706e-010  2.0689e-004
 2.310706e-010  1.3861e-004
 2.320706e-010  9.4875e-005
 2.330706e-010  6.6716e-005
 2.340706e-010  4.8454e-005
 2.350706e-010  3.6491e-005
 2.360706e-010  2.8548e-005
 2.370706e-010  2.3178e-005
 2.380706e-010  1.9466e-005
 2.390706e-010  1.6827e-005
 2.400706e-010  1.4893e-005
 2.410706e-010  1.3425e-005
 2.420706e-010  1.2272e-005
 2.430706e-010  1.1335e-005
 2.440706e-010  1.0553e-005
 2.450706e-010  9.8811e-006
 2.460706e-010  9.2933e-006
 2.470706e-010  8.7703e-006
 2.480706e-010  8.2993e-006
 2.490706e-010  7.8708e-006
 2.500706e-010  7.4783e-006
 2.510706e-010  7.1166e-006
 2.520706e-010  6.7820e-006
 2.530706e-010  6.4712e-006
 2.540706e-010  6.1819e-006
 2.550706e-010  5.9118e-006
 2.560706e-010  5.6592e-006
 2.570706e-010  5.4225e-006
 2.580706e-010  5.2004e-006
 2.590706e-010  4.9916e-006
 2.600706e-010  4.7952e-006
 2.610706e-010  4.6101e-006
 2.620706e-010  4.4354e-006
 2.630706e-010  4.2705e-006
 2.640706e-010  4.1146e-006
 2.650706e-010  3.9670e-006
 2.660706e-010  3.8271e-006
 2.670706e-010  3.6945e-006
 2.680706e-010  3.5687e-006
 2.690706e-010  3.4491e-006
 2.700706e-010  3.3354e-006
 2.710706e-010  3.2273e-006
 2.720706e-010  3.1242e-006
 2.730706e-010  3.0261e-006
 2.740706e-010  2.9324e-006
 2.750706e-010  2.8430e-006
 2.760706e-010  2.7576e-006
 2.770706e-010  2.6760e-006
 2.780706e-010  2.5980e-006
 2.790706e-010  2.5233e-006
 2.800706e-010  2.4517e-006
 2.810706e-010  2.3832e-006
 2.820706e-010  2.3175e-006
 2.830706e-010  2.2544e-006
 2.840706e-010  2.1939e-006
 2.850706e-010  2.1357e-006
 2.860706e-010  2.0799e-006
 2.870706e-010  2.0262e-006
 2.880706e-010  1.9745e-006
 2.890706e-010  1.9248e-006
 2.900706e-010  1.8769e-006
 2.910706e-010  1.8308e-006
 2.920706e-010  1.7864e-006
 2.930706e-010  1.7436e-006
 2.940706e-010  1.7022e-006
 2.950706e-010  1.6624e-006
 2.960706e-010  1.6239e-006
 2.970706e-010  1.5867e-006
 2.980706e-010  1.5508e-006
 2.990706e-010  1.5160e-006
 3.000706e-010  1.4825e-006
 3.005000e-010  1.4685e-006
 3.005312e-010  2.9340e-004
 3.005762e-010  8.2979e-004
 3.006212e-010  1.8752e-003
 3.006615e-010  4.0148e-003
 3.007021e-010  7.3843e-003
 3.007477e-010  1.1519e-002
 3.008011e-010  1.5408e-002
 3.008594e-010  1.8154e-002
 3.009136e-010  1.9842e-002
 3.009579e-010  2.0960e-002
 3.009979e-010  2.1871e-002
 3.01000000e-010  2.1917e-002
 3.0102097e-010  2.1972e-002
 3.012307e-010  2.0479e-002
 3.022307e-010  1.3002e-002
 3.032307e-010  7.7920e-003
 3.042307e-010  4.8976e-003
 3.052307e-010  2.9478e-003
 3.062307e-010  1.8522e-003
 3.072307e-010  1.1094e-003
 3.082307e-010  7.0453e-004
 3.092307e-010  4.1402e-004
 3.102307e-010  2.7091e-004
 3.112307e-010  1.5187e-004
 3.122307e-010  1.0649e-004
 3.132307e-010  5.3532e-005
 3.142307e-010  4.3729e-005
 3.152307e-010  1.7010e-005
 3.162307e-010  1.9450e-005
 3.172307e-010  3.7478e-006
 3.182307e-010  9.7928e-006
 3.192307e-010 -8.1592e-007
 3.202307e-010  5.7393e-006
 3.212307e-010 -2.1696e-006
 3.222307e-010  3.8693e-006
 3.232307e-010 -2.3709e-006
 3.242307e-010  2.8802e-006
 3.252307e-010 -2.1885e-006
 3.262307e-010  2.2706e-006
 3.272307e-010 -1.9033e-006
 3.282307e-010  1.8424e-006
 3.292307e-010 -1.6156e-006
 3.302307e-010  1.5166e-006
 3.312307e-010 -1.3570e-006
 3.322307e-010  1.2568e-006
 3.332307e-010 -1.1345e-006
 3.342307e-010  1.0448e-006
 3.352307e-010 -9.4653e-007
 3.362307e-010  8.6987e-007
 3.372307e-010 -7.8889e-007
 3.382307e-010  7.2476e-007
 3.392307e-010 -6.5719e-007
 3.402307e-010  6.0410e-007
 3.412307e-010 -5.4732e-007
 3.422307e-010  5.0366e-007
 3.432307e-010 -4.5573e-007
 3.442307e-010  4.2001e-007
 3.452307e-010 -3.7940e-007
 3.462307e-010  3.5032e-007
 3.472307e-010 -3.1579e-007
 3.482307e-010  2.9226e-007
 3.492307e-010 -2.6279e-007
 3.502307e-010  2.4388e-007
 3.512307e-010 -2.1863e-007
 3.522307e-010  2.0358e-007
 3.532307e-010 -1.8183e-007
 3.542307e-010  1.6999e-007
 3.552307e-010 -1.5116e-007
 3.562307e-010  1.4200e-007
 3.572307e-010 -1.2561e-007
 3.582307e-010  1.1868e-007
 3.592307e-010 -1.0432e-007
 3.602307e-010  9.9245e-008
 3.612307e-010 -8.6583e-008
 3.622307e-010  8.3051e-008
 3.632307e-010 -7.1800e-008
 3.642307e-010  6.9557e-008
 3.652307e-010 -5.9482e-008
 3.662307e-010  5.8312e-008
 3.672307e-010 -4.9217e-008
 3.682307e-010  4.8942e-008
 3.692307e-010 -4.0663e-008
 3.702307e-010  4.1133e-008
 3.712307e-010 -3.3535e-008
 3.722307e-010  3.4627e-008
 3.732307e-010 -2.7595e-008
 3.742307e-010  2.9205e-008
 3.752307e-010 -2.2645e-008
 3.762307e-010  2.4686e-008
 3.772307e-010 -1.8521e-008
 3.782307e-010  2.0921e-008
 3.792307e-010 -1.5084e-008
 3.802307e-010  1.7784e-008
 3.812307e-010 -1.2220e-008
 3.822307e-010  1.5169e-008
 3.832307e-010 -9.8329e-009
 3.842307e-010  1.2991e-008
 3.852307e-010 -7.8441e-009
 3.862307e-010  1.1175e-008
 3.872307e-010 -6.1867e-009
 3.882307e-010  9.6623e-009
 3.892307e-010 -4.8057e-009
 3.902307e-010  8.4015e-009
 3.912307e-010 -3.6548e-009
 3.922307e-010  7.3510e-009
 3.932307e-010 -2.6958e-009
 3.942307e-010  6.4755e-009
 3.952307e-010 -1.8966e-009
 3.962307e-010  5.7460e-009
 3.972307e-010 -1.2306e-009
 3.982307e-010  5.1380e-009
 3.992307e-010 -6.7565e-010
 4.000000e-010  2.0190e-009
 4.0003125e-010 -6.0475e-004
 4.000762e-010 -1.6416e-003
 4.001212e-010 -2.7055e-003
 4.001615e-010 -3.6709e-003
 4.002021e-010 -4.6140e-003
 4.002477e-010 -5.6286e-003
 4.003011e-010 -6.7379e-003
 4.003594e-010 -7.6720e-003
 4.004136e-010 -8.0442e-003
 4.004579e-010 -8.0953e-003
 4.0049790e-010 -8.0888e-003
 4.00500000e-010 -8.0867e-003
 4.0052097e-010 -7.9423e-003
 4.0055260e-010 -8.0264e-003
 4.0058811e-010 -8.3854e-003
 4.0062584e-010 -9.3458e-003
 4.006729e-010 -1.1208e-002
 4.007296e-010 -1.3381e-002
 4.0076629e-010 -1.3697e-002
 4.0078659e-010 -1.3041e-002
 4.0080555e-010 -1.1770e-002
 4.0082579e-010 -9.7968e-003
 4.0085038e-010 -6.7490e-003
 4.0088389e-010 -1.8547e-003
 4.009366e-010  6.6971e-003
 4.010327e-010  2.3102e-002
 4.011880e-010  5.0141e-002
 4.014596e-010  9.7675e-002
 4.020674e-010  2.0404e-001
 4.030674e-010  3.7813e-001
 4.040674e-010  5.5098e-001
 4.050674e-010  7.2242e-001
 4.060674e-010  8.9202e-001
 4.070674e-010  1.0593e+000
 4.080674e-010  1.2240e+000
 4.090674e-010  1.3855e+000
 4.100674e-010  1.5437e+000
 4.110674e-010  1.6982e+000
 4.120674e-010  1.8487e+000
 4.130674e-010  1.9951e+000
 4.140674e-010  2.1371e+000
 4.150674e-010  2.2746e+000
 4.160674e-010  2.4075e+000
 4.170674e-010  2.5357e+000
 4.180674e-010  2.6593e+000
 4.190674e-010  2.7781e+000
 4.200674e-010  2.8922e+000
 4.210674e-010  3.0017e+000
 4.220674e-010  3.1065e+000
 4.230674e-010  3.2068e+000
 4.240674e-010  3.3026e+000
 4.250674e-010  3.3940e+000
 4.260674e-010  3.4812e+000
 4.270674e-010  3.5643e+000
 4.280674e-010  3.6433e+000
 4.290674e-010  3.7185e+000
 4.300674e-010  3.7899e+000
 4.310674e-010  3.8577e+000
 4.320674e-010  3.9221e+000
 4.330674e-010  3.9831e+000
 4.340674e-010  4.0409e+000
 4.350674e-010  4.0957e+000
 4.360674e-010  4.1475e+000
 4.370674e-010  4.1966e+000
 4.380674e-010  4.2429e+000
 4.390674e-010  4.2868e+000
 4.400674e-010  4.3282e+000
 4.410674e-010  4.3674e+000
 4.420674e-010  4.4043e+000
 4.430674e-010  4.4392e+000
 4.440674e-010  4.4721e+000
 4.450674e-010  4.5031e+000
 4.460674e-010  4.5324e+000
 4.470674e-010  4.5600e+000
 4.480674e-010  4.5861e+000
 4.490674e-010  4.6106e+000
 4.500674e-010  4.6337e+000
 4.510674e-010  4.6555e+000
 4.520674e-010  4.6760e+000
 4.530674e-010  4.6953e+000
 4.540674e-010  4.7134e+000
 4.550674e-010  4.7306e+000
 4.560674e-010  4.7467e+000
 4.570674e-010  4.7618e+000
 4.580674e-010  4.7761e+000
 4.590674e-010  4.7895e+000
 4.600674e-010  4.8021e+000
 4.610674e-010  4.8140e+000
 4.620674e-010  4.8252e+000
 4.630674e-010  4.8357e+000
 4.640674e-010  4.8456e+000
 4.650674e-010  4.8549e+000
 4.660674e-010  4.8636e+000
 4.670674e-010  4.8719e+000
 4.680674e-010  4.8796e+000
 4.690674e-010  4.8868e+000
 4.700674e-010  4.8937e+000
 4.710674e-010  4.9001e+000
 4.720674e-010  4.9061e+000
 4.730674e-010  4.9118e+000
 4.740674e-010  4.9171e+000
 4.750674e-010  4.9221e+000
 4.760674e-010  4.9268e+000
 4.770674e-010  4.9313e+000
 4.780674e-010  4.9354e+000
 4.790674e-010  4.9393e+000
 4.800674e-010  4.9430e+000
 4.810674e-010  4.9465e+000
 4.820674e-010  4.9497e+000
 4.830674e-010  4.9528e+000
 4.840674e-010  4.9556e+000
 4.850674e-010  4.9583e+000
 4.860674e-010  4.9608e+000
 4.870674e-010  4.9632e+000
 4.880674e-010  4.9654e+000
 4.890674e-010  4.9675e+000
 4.900674e-010  4.9695e+000
 4.910674e-010  4.9713e+000
 4.920674e-010  4.9731e+000
 4.930674e-010  4.9747e+000
 4.940674e-010  4.9763e+000
 4.950674e-010  4.9777e+000
 4.960674e-010  4.9790e+000
 4.970674e-010  4.9803e+000
 4.980674e-010  4.9815e+000
 4.990674e-010  4.9826e+000
 5.000674e-010  4.9837e+000
 5.005000e-010  4.9841e+000
 5.0053125e-010  4.9844e+000
 5.0057625e-010  4.9849e+000
 5.0062125e-010  4.9854e+000
 5.0066156e-010  4.9859e+000
 5.0070215e-010  4.9865e+000
 5.0074770e-010  4.9872e+000
 5.008011e-010  4.9882e+000
 5.008594e-010  4.9893e+000
 5.009136e-010  4.9906e+000
 5.0095792e-010  4.9917e+000
 5.0099790e-010  4.9928e+000
 5.01000000e-010  4.9928e+000
 5.0102097e-010  4.9932e+000
 5.012307e-010  4.9948e+000
 5.022307e-010  4.9970e+000
 5.032307e-010  4.9963e+000
 5.042307e-010  4.9969e+000
 5.052307e-010  4.9969e+000
 5.062307e-010  4.9972e+000
 5.072307e-010  4.9973e+000
 5.082307e-010  4.9975e+000
 5.092307e-010  4.9977e+000
 5.102307e-010  4.9978e+000
 5.112307e-010  4.9979e+000
 5.122307e-010  4.9981e+000
 5.132307e-010  4.9982e+000
 5.142307e-010  4.9983e+000
 5.152307e-010  4.9984e+000
 5.162307e-010  4.9985e+000
 5.172307e-010  4.9986e+000
 5.182307e-010  4.9987e+000
 5.192307e-010  4.9987e+000
 5.202307e-010  4.9988e+000
 5.212307e-010  4.9989e+000
 5.222307e-010  4.9990e+000
 5.232307e-010  4.9990e+000
 5.242307e-010  4.9991e+000
 5.252307e-010  4.9991e+000
 5.262307e-010  4.9992e+000
 5.272307e-010  4.9992e+000
 5.282307e-010  4.9993e+000
 5.292307e-010  4.9993e+000
 5.302307e-010  4.9994e+000
 5.312307e-010  4.9994e+000
 5.322307e-010  4.9994e+000
 5.332307e-010  4.9995e+000
 5.342307e-010  4.9995e+000
 5.352307e-010  4.9995e+000
 5.362307e-010  4.9996e+000
 5.372307e-010  4.9996e+000
 5.382307e-010  4.9996e+000
 5.392307e-010  4.9996e+000
 5.402307e-010  4.9997e+000
 5.412307e-010  4.9997e+000
 5.422307e-010  4.9997e+000
 5.432307e-010  4.9997e+000
 5.442307e-010  4.9997e+000
 5.452307e-010  4.9997e+000
 5.462307e-010  4.9998e+000
 5.472307e-010  4.9998e+000
 5.482307e-010  4.9998e+000
 5.492307e-010  4.9998e+000
 5.502307e-010  4.9998e+000
 5.512307e-010  4.9998e+000
 5.522307e-010  4.9998e+000
 5.532307e-010  4.9998e+000
 5.542307e-010  4.9999e+000
 5.552307e-010  4.9999e+000
 5.562307e-010  4.9999e+000
 5.572307e-010  4.9999e+000
 5.582307e-010  4.9999e+000
 5.592307e-010  4.9999e+000
 5.602307e-010  4.9999e+000
 5.612307e-010  4.9999e+000
 5.622307e-010  4.9999e+000
 5.632307e-010  4.9999e+000
 5.642307e-010  4.9999e+000
 5.652307e-010  4.9999e+000
 5.662307e-010  4.9999e+000
 5.672307e-010  4.9999e+000
 5.682307e-010  4.9999e+000
 5.692307e-010  4.9999e+000
 5.702307e-010  4.9999e+000
 5.712307e-010  4.9999e+000
 5.722307e-010  5.0000e+000
 5.732307e-010  5.0000e+000
 5.742307e-010  5.0000e+000
 5.752307e-010  5.0000e+000
 5.755000e-010  5.0000e+000
 5.7553125e-010  5.0000e+000
 5.756887e-010  5.0000e+000
 5.758364e-010  5.0000e+000
 5.759442e-010  5.0000e+000
 5.7599999e-010  5.0000e+000
 5.7603125e-010  5.0000e+000
 5.763437e-010  5.0000e+000
 5.773437e-010  5.0000e+000
 5.783437e-010  5.0000e+000
 5.793437e-010  5.0000e+000
 5.803437e-010  5.0000e+000
 5.813437e-010  5.0000e+000
 5.823437e-010  5.0000e+000
 5.833437e-010  5.0000e+000
 5.843437e-010  5.0000e+000
 5.853437e-010  5.0000e+000
 5.863437e-010  5.0000e+000
 5.873437e-010  5.0000e+000
 5.883437e-010  5.0000e+000
 5.893437e-010  5.0000e+000
 5.903437e-010  5.0000e+000
 5.913437e-010  5.0000e+000
 5.923437e-010  5.0000e+000
 5.933437e-010  5.0000e+000
 5.943437e-010  5.0000e+000
 5.953437e-010  5.0000e+000
 5.963437e-010  5.0000e+000
 5.973437e-010  5.0000e+000
 5.983437e-010  5.0000e+000
 5.993437e-010  5.0000e+000
 6.000000e-010  5.0000e+000
 6.0003125e-010  4.9996e+000
 6.0007625e-010  4.9990e+000
 6.0012125e-010  4.9983e+000
 6.0016156e-010  4.9977e+000
 6.0020215e-010  4.9970e+000
 6.0024770e-010  4.9961e+000
 6.0030112e-010  4.9951e+000
 6.0035949e-010  4.9942e+000
 6.0041368e-010  4.9935e+000
 6.0045792e-010  4.9931e+000
 6.0049790e-010  4.9927e+000
 6.00500000e-010  4.9927e+000
 6.0052097e-010  4.9928e+000
 6.007307e-010  4.9931e+000
 6.010952e-010  4.9937e+000
 6.014717e-010  4.9944e+000
 6.019722e-010  4.9945e+000
 6.025456e-010  4.9862e+000
 6.030466e-010  4.9561e+000
 6.035005e-010  4.8938e+000
 6.039884e-010  4.7782e+000
 6.045856e-010  4.5670e+000
 6.053953e-010  4.1746e+000
 6.063953e-010  3.5618e+000
 6.073953e-010  2.8665e+000
 6.083953e-010  2.1786e+000
 6.093953e-010  1.5799e+000
 6.102926e-010  1.1477e+000
 6.111554e-010  8.2657e-001
 6.120706e-010  5.7368e-001
 6.130706e-010  3.7904e-001
 6.140706e-010  2.4767e-001
 6.150706e-010  1.6056e-001
 6.160706e-010  1.0349e-001
 6.170706e-010  6.6428e-002
 6.180706e-010  4.2511e-002
 6.190706e-010  2.7147e-002
 6.200706e-010  1.7309e-002
 6.210706e-010  1.1026e-002
 6.220706e-010  7.0195e-003
 6.230706e-010  4.4691e-003
 6.240706e-010  2.8473e-003
 6.250706e-010  1.8166e-003
 6.260706e-010  1.1619e-003
 6.270706e-010  7.4606e-004
 6.280706e-010  4.8186e-004
 6.290706e-010  3.1387e-004
 6.300706e-010  2.0689e-004
 6.310706e-010  1.3861e-004
 6.320706e-010  9.4875e-005
 6.330706e-010  6.6716e-005
 6.340706e-010  4.8454e-005
 6.350706e-010  3.6491e-005
 6.360706e-010  2.8548e-005
 6.370706e-010  2.3178e-005
 6.380706e-010  1.9466e-005
 6.390706e-010  1.6827e-005
 6.400706e-010  1.4893e-005
 6.410706e-010  1.3425e-005
 6.420706e-010  1.2272e-005
 6.430706e-010  1.1335e-005
 6.440706e-010  1.0553e-005
 6.450706e-010  9.8811e-006
 6.460706e-010  9.2933e-006
 6.470706e-010  8.7703e-006
 6.480706e-010  8.2993e-006
 6.490706e-010  7.8708e-006
 6.500706e-010  7.4783e-006
 6.510706e-010  7.1166e-006
 6.520706e-010  6.7820e-006
 6.530706e-010  6.4712e-006
 6.540706e-010  6.1819e-006
 6.550706e-010  5.9118e-006
 6.560706e-010  5.6592e-006
 6.570706e-010  5.4225e-006
 6.580706e-010  5.2004e-006
 6.590706e-010  4.9916e-006
 6.600706e-010  4.7952e-006
 6.610706e-010  4.6101e-006
 6.620706e-010  4.4354e-006
 6.630706e-010  4.2705e-006
 6.640706e-010  4.1146e-006
 6.650706e-010  3.9670e-006
 6.660706e-010  3.8271e-006
 6.670706e-010  3.6945e-006
 6.680706e-010  3.5687e-006
 6.690706e-010  3.4491e-006
 6.700706e-010  3.3354e-006
 6.710706e-010  3.2273e-006
 6.720706e-010  3.1242e-006
 6.730706e-010  3.0261e-006
 6.740706e-010  2.9324e-006
 6.750706e-010  2.8430e-006
 6.760706e-010  2.7576e-006
 6.770706e-010  2.6760e-006
 6.780706e-010  2.5980e-006
 6.790706e-010  2.5233e-006
 6.800706e-010  2.4517e-006
 6.810706e-010  2.3832e-006
 6.820706e-010  2.3175e-006
 6.830706e-010  2.2544e-006
 6.840706e-010  2.1939e-006
 6.850706e-010  2.1357e-006
 6.860706e-010  2.0799e-006
 6.870706e-010  2.0262e-006
 6.880706e-010  1.9745e-006
 6.890706e-010  1.9248e-006
 6.900706e-010  1.8769e-006
 6.910706e-010  1.8308e-006
 6.920706e-010  1.7864e-006
 6.930706e-010  1.7436e-006
 6.940706e-010  1.7022e-006
 6.950706e-010  1.6624e-006
 6.960706e-010  1.6239e-006
 6.970706e-010  1.5867e-006
 6.980706e-010  1.5508e-006
 6.990706e-010  1.5160e-006
 7.000706e-010  1.4825e-006
 7.005000e-010  1.4685e-006
 7.0053125e-010  2.9340e-004
 7.0057625e-010  8.2979e-004
 7.0062125e-010  1.8752e-003
 7.0066156e-010  4.0148e-003
 7.0070215e-010  7.3843e-003
 7.0074770e-010  1.1519e-002
 7.0080112e-010  1.5408e-002
 7.0085949e-010  1.8154e-002
 7.0091368e-010  1.9842e-002
 7.0095792e-010  2.0960e-002
 7.0099790e-010  2.1871e-002
 7.01000000e-010  2.1917e-002
 7.0102097e-010  2.1972e-002
 7.012307e-010  2.0479e-002
 7.022307e-010  1.3002e-002
 7.032307e-010  7.7920e-003
 7.042307e-010  4.8976e-003
 7.052307e-010  2.9478e-003
 7.062307e-010  1.8522e-003
 7.072307e-010  1.1094e-003
 7.082307e-010  7.0453e-004
 7.092307e-010  4.1402e-004
 7.102307e-010  2.7091e-004
 7.112307e-010  1.5187e-004
 7.122307e-010  1.0649e-004
 7.132307e-010  5.3532e-005
 7.142307e-010  4.3729e-005
 7.152307e-010  1.7010e-005
 7.162307e-010  1.9450e-005
 7.172307e-010  3.7478e-006
 7.182307e-010  9.7928e-006
 7.192307e-010 -8.1592e-007
 7.202307e-010  5.7393e-006
 7.212307e-010 -2.1696e-006
 7.222307e-010  3.8693e-006
 7.232307e-010 -2.3709e-006
 7.242307e-010  2.8802e-006
 7.252307e-010 -2.1885e-006
 7.262307e-010  2.2706e-006
 7.272307e-010 -1.9033e-006
 7.282307e-010  1.8424e-006
 7.292307e-010 -1.6156e-006
 7.302307e-010  1.5166e-006
 7.312307e-010 -1.3570e-006
 7.322307e-010  1.2568e-006
 7.332307e-010 -1.1345e-006
 7.342307e-010  1.0448e-006
 7.352307e-010 -9.4653e-007
 7.362307e-010  8.6987e-007
 7.372307e-010 -7.8889e-007
 7.382307e-010  7.2476e-007
 7.392307e-010 -6.5719e-007
 7.402307e-010  6.0410e-007
 7.412307e-010 -5.4732e-007
 7.422307e-010  5.0366e-007
 7.432307e-010 -4.5573e-007
 7.442307e-010  4.2001e-007
 7.452307e-010 -3.7940e-007
 7.462307e-010  3.5032e-007
 7.472307e-010 -3.1579e-007
 7.482307e-010  2.9226e-007
 7.492307e-010 -2.6279e-007
 7.502307e-010  2.4388e-007
 7.512307e-010 -2.1863e-007
 7.522307e-010  2.0358e-007
 7.532307e-010 -1.8183e-007
 7.542307e-010  1.6999e-007
 7.552307e-010 -1.5116e-007
 7.562307e-010  1.4200e-007
 7.572307e-010 -1.2561e-007
 7.582307e-010  1.1868e-007
 7.592307e-010 -1.0432e-007
 7.602307e-010  9.9245e-008
 7.612307e-010 -8.6583e-008
 7.622307e-010  8.3051e-008
 7.632307e-010 -7.1800e-008
 7.642307e-010  6.9557e-008
 7.652307e-010 -5.9482e-008
 7.662307e-010  5.8312e-008
 7.672307e-010 -4.9217e-008
 7.682307e-010  4.8942e-008
 7.692307e-010 -4.0663e-008
 7.702307e-010  4.1133e-008
 7.712307e-010 -3.3535e-008
 7.722307e-010  3.4627e-008
 7.732307e-010 -2.7595e-008
 7.742307e-010  2.9205e-008
 7.752307e-010 -2.2645e-008
 7.762307e-010  2.4686e-008
 7.772307e-010 -1.8521e-008
 7.782307e-010  2.0921e-008
 7.792307e-010 -1.5084e-008
 7.802307e-010  1.7784e-008
 7.812307e-010 -1.2220e-008
 7.822307e-010  1.5169e-008
 7.832307e-010 -9.8329e-009
 7.842307e-010  1.2991e-008
 7.852307e-010 -7.8441e-009
 7.862307e-010  1.1175e-008
 7.872307e-010 -6.1867e-009
 7.882307e-010  9.6623e-009
 7.892307e-010 -4.8057e-009
 7.902307e-010  8.4015e-009
 7.912307e-010 -3.6548e-009
 7.922307e-010  7.3510e-009
 7.932307e-010 -2.6958e-009
 7.942307e-010  6.4755e-009
 7.952307e-010 -1.8966e-009
 7.962307e-010  5.7460e-009
 7.972307e-010 -1.2306e-009
 7.982307e-010  5.1380e-009
 7.992307e-010 -6.7565e-010
 8.000000e-010  2.0190e-009
 8.0003125e-010 -6.0475e-004
 8.0007625e-010 -1.6416e-003
 8.0012125e-010 -2.7055e-003
 8.0016156e-010 -3.6709e-003
 8.0020215e-010 -4.6140e-003
 8.0024770e-010 -5.6286e-003
 8.0030112e-010 -6.7379e-003
 8.0035949e-010 -7.6720e-003
 8.0041368e-010 -8.0442e-003
 8.0045792e-010 -8.0953e-003
 8.0049790e-010 -8.0888e-003
 8.00500000e-010 -8.0867e-003
 8.0052097e-010 -7.9423e-003
 8.0055260e-010 -8.0264e-003
 8.0058811e-010 -8.3854e-003
 8.0062584e-010 -9.3458e-003
 8.0067297e-010 -1.1208e-002
 8.0072960e-010 -1.3381e-002
 8.0076629e-010 -1.3697e-002
 8.0078659e-010 -1.3041e-002
 8.0080555e-010 -1.1770e-002
 8.0082579e-010 -9.7968e-003
 8.0085038e-010 -6.7490e-003
 8.0088389e-010 -1.8547e-003
 8.0093667e-010  6.6971e-003
 8.010327e-010  2.3102e-002
 8.011880e-010  5.0141e-002
 8.014596e-010  9.7675e-002
 8.020674e-010  2.0404e-001
 8.030674e-010  3.7813e-001
 8.040674e-010  5.5098e-001
 8.050674e-010  7.2242e-001
 8.060674e-010  8.9202e-001
 8.070674e-010  1.0593e+000
 8.080674e-010  1.2240e+000
 8.090674e-010  1.3855e+000
 8.100674e-010  1.5437e+000
 8.110674e-010  1.6982e+000
 8.120674e-010  1.8487e+000
 8.130674e-010  1.9951e+000
 8.140674e-010  2.1371e+000
 8.150674e-010  2.2746e+000
 8.160674e-010  2.4075e+000
 8.170674e-010  2.5357e+000
 8.180674e-010  2.6593e+000
 8.190674e-010  2.7781e+000
 8.200674e-010  2.8922e+000
 8.210674e-010  3.0017e+000
 8.220674e-010  3.1065e+000
 8.230674e-010  3.2068e+000
 8.240674e-010  3.3026e+000
 8.250674e-010  3.3940e+000
 8.260674e-010  3.4812e+000
 8.270674e-010  3.5643e+000
 8.280674e-010  3.6433e+000
 8.290674e-010  3.7185e+000
 8.300674e-010  3.7899e+000
 8.310674e-010  3.8577e+000
 8.320674e-010  3.9221e+000
 8.330674e-010  3.9831e+000
 8.340674e-010  4.0409e+000
 8.350674e-010  4.0957e+000
 8.360674e-010  4.1475e+000
 8.370674e-010  4.1966e+000
 8.380674e-010  4.2429e+000
 8.390674e-010  4.2868e+000
 8.400674e-010  4.3282e+000
 8.410674e-010  4.3674e+000
 8.420674e-010  4.4043e+000
 8.430674e-010  4.4392e+000
 8.440674e-010  4.4721e+000
 8.450674e-010  4.5031e+000
 8.460674e-010  4.5324e+000
 8.470674e-010  4.5600e+000
 8.480674e-010  4.5861e+000
 8.490674e-010  4.6106e+000
 8.500674e-010  4.6337e+000
 8.510674e-010  4.6555e+000
 8.520674e-010  4.6760e+000
 8.530674e-010  4.6953e+000
 8.540674e-010  4.7134e+000
 8.550674e-010  4.7306e+000
 8.560674e-010  4.7467e+000
 8.570674e-010  4.7618e+000
 8.580674e-010  4.7761e+000
 8.590674e-010  4.7895e+000
 8.600674e-010  4.8021e+000
 8.610674e-010  4.8140e+000
 8.620674e-010  4.8252e+000
 8.630674e-010  4.8357e+000
 8.640674e-010  4.8456e+000
 8.650674e-010  4.8549e+000
 8.660674e-010  4.8636e+000
 8.670674e-010  4.8719e+000
 8.680674e-010  4.8796e+000
 8.690674e-010  4.8868e+000
 8.700674e-010  4.8937e+000
 8.710674e-010  4.9001e+000
 8.720674e-010  4.9061e+000
 8.730674e-010  4.9118e+000
 8.740674e-010  4.9171e+000
 8.750674e-010  4.9221e+000
 8.760674e-010  4.9268e+000
 8.770674e-010  4.9313e+000
 8.780674e-010  4.9354e+000
 8.790674e-010  4.9393e+000
 8.800674e-010  4.9430e+000
 8.810674e-010  4.9465e+000
 8.820674e-010  4.9497e+000
 8.830674e-010  4.9528e+000
 8.840674e-010  4.9556e+000
 8.850674e-010  4.9583e+000
 8.860674e-010  4.9608e+000
 8.870674e-010  4.9632e+000
 8.880674e-010  4.9654e+000
 8.890674e-010  4.9675e+000
 8.900674e-010  4.9695e+000
 8.910674e-010  4.9713e+000
 8.920674e-010  4.9731e+000
 8.930674e-010  4.9747e+000
 8.940674e-010  4.9763e+000
 8.950674e-010  4.9777e+000
 8.960674e-010  4.9790e+000
 8.970674e-010  4.9803e+000
 8.980674e-010  4.9815e+000
 8.990674e-010  4.9826e+000
 9.000674e-010  4.9837e+000
 9.005000e-010  4.9841e+000
 9.0053125e-010  4.9844e+000
 9.0057625e-010  4.9849e+000
 9.0062125e-010  4.9854e+000
 9.0066156e-010  4.9859e+000
 9.0070215e-010  4.9865e+000
 9.0074770e-010  4.9872e+000
 9.0080112e-010  4.9882e+000
 9.0085949e-010  4.9893e+000
 9.0091368e-010  4.9906e+000
 9.0095792e-010  4.9917e+000
 9.0099790e-010  4.9928e+000
 9.00999999e-010  4.9928e+000
 9.0102097e-010  4.9932e+000
 9.012307e-010  4.9948e+000
 9.022307e-010  4.9970e+000
 9.032307e-010  4.9963e+000
 9.042307e-010  4.9969e+000
 9.052307e-010  4.9969e+000
 9.062307e-010  4.9972e+000
 9.072307e-010  4.9973e+000
 9.082307e-010  4.9975e+000
 9.092307e-010  4.9977e+000
 9.102307e-010  4.9978e+000
 9.112307e-010  4.9979e+000
 9.122307e-010  4.9981e+000
 9.132307e-010  4.9982e+000
 9.142307e-010  4.9983e+000
 9.152307e-010  4.9984e+000
 9.162307e-010  4.9985e+000
 9.172307e-010  4.9986e+000
 9.182307e-010  4.9987e+000
 9.192307e-010  4.9987e+000
 9.202307e-010  4.9988e+000
 9.212307e-010  4.9989e+000
 9.222307e-010  4.9990e+000
 9.232307e-010  4.9990e+000
 9.242307e-010  4.9991e+000
 9.252307e-010  4.9991e+000
 9.262307e-010  4.9992e+000
 9.272307e-010  4.9992e+000
 9.282307e-010  4.9993e+000
 9.292307e-010  4.9993e+000
 9.302307e-010  4.9994e+000
 9.312307e-010  4.9994e+000
 9.322307e-010  4.9994e+000
 9.332307e-010  4.9995e+000
 9.342307e-010  4.9995e+000
 9.352307e-010  4.9995e+000
 9.362307e-010  4.9996e+000
 9.372307e-010  4.9996e+000
 9.382307e-010  4.9996e+000
 9.392307e-010  4.9996e+000
 9.402307e-010  4.9997e+000
 9.412307e-010  4.9997e+000
 9.422307e-010  4.9997e+000
 9.432307e-010  4.9997e+000
 9.442307e-010  4.9997e+000
 9.452307e-010  4.9997e+000
 9.462307e-010  4.9998e+000
 9.472307e-010  4.9998e+000
 9.482307e-010  4.9998e+000
 9.492307e-010  4.9998e+000
 9.502307e-010  4.9998e+000
 9.512307e-010  4.9998e+000
 9.522307e-010  4.9998e+000
 9.532307e-010  4.9998e+000
 9.542307e-010  4.9999e+000
 9.552307e-010  4.9999e+000
 9.562307e-010  4.9999e+000
 9.572307e-010  4.9999e+000
 9.582307e-010  4.9999e+000
 9.592307e-010  4.9999e+000
 9.602307e-010  4.9999e+000
 9.612307e-010  4.9999e+000
 9.622307e-010  4.9999e+000
 9.632307e-010  4.9999e+000
 9.642307e-010  4.9999e+000
 9.652307e-010  4.9999e+000
 9.662307e-010  4.9999e+000
 9.672307e-010  4.9999e+000
 9.682307e-010  4.9999e+000
 9.692307e-010  4.9999e+000
 9.702307e-010  4.9999e+000
 9.712307e-010  4.9999e+000
 9.722307e-010  5.0000e+000
 9.732307e-010  5.0000e+000
 9.742307e-010  5.0000e+000
 9.752307e-010  5.0000e+000
 9.755000e-010  5.0000e+000
 9.7553125e-010  5.0000e+000
 9.756887e-010  5.0000e+000
 9.758364e-010  5.0000e+000
 9.759442e-010  5.0000e+000
 9.7599999e-010  5.0000e+000
 9.7603124e-010  5.0000e+000
 9.763437e-010  5.0000e+000
 9.773437e-010  5.0000e+000
 9.783437e-010  5.0000e+000
 9.793437e-010  5.0000e+000
 9.803437e-010  5.0000e+000
 9.813437e-010  5.0000e+000
 9.823437e-010  5.0000e+000
 9.833437e-010  5.0000e+000
 9.843437e-010  5.0000e+000
 9.853437e-010  5.0000e+000
 9.863437e-010  5.0000e+000
 9.873437e-010  5.0000e+000
 9.883437e-010  5.0000e+000
 9.893437e-010  5.0000e+000
 9.903437e-010  5.0000e+000
 9.913437e-010  5.0000e+000
 9.923437e-010  5.0000e+000
 9.933437e-010  5.0000e+000
 9.943437e-010  5.0000e+000
 9.953437e-010  5.0000e+000
 9.963437e-010  5.0000e+000
 9.973437e-010  5.0000e+000
 9.983437e-010  5.0000e+000
 9.993437e-010  5.0000e+000
 1.000000e-009  5.0000e+000
 1.0000312e-009  4.9996e+000
 1.0000762e-009  4.9990e+000
 1.0001212e-009  4.9983e+000
 1.0001615e-009  4.9977e+000
 1.0002021e-009  4.9970e+000
 1.0002477e-009  4.9961e+000
 1.0003011e-009  4.9951e+000
 1.0003594e-009  4.9942e+000
 1.0004136e-009  4.9935e+000
 1.0004579e-009  4.9931e+000
 1.0004979e-009  4.9927e+000
 1.00050000e-009  4.9927e+000
 1.0005209e-009  4.9928e+000
 1.000730e-009  4.9931e+000
 1.001095e-009  4.9937e+000
 1.001471e-009  4.9944e+000
 1.001972e-009  4.9945e+000
 1.002545e-009  4.9862e+000
 1.003046e-009  4.9561e+000
 1.003500e-009  4.8938e+000
 1.003988e-009  4.7782e+000
 1.004585e-009  4.5670e+000
 1.005395e-009  4.1746e+000
 1.006395e-009  3.5618e+000
 1.007395e-009  2.8665e+000
 1.008395e-009  2.1786e+000
 1.009395e-009  1.5799e+000
 1.010292e-009  1.1477e+000
 1.011155e-009  8.2657e-001
 1.012070e-009  5.7368e-001
 1.013070e-009  3.7904e-001
 1.014070e-009  2.4767e-001
 1.015070e-009  1.6056e-001
 1.016070e-009  1.0349e-001
 1.017070e-009  6.6428e-002
 1.018070e-009  4.2511e-002
 1.019070e-009  2.7147e-002
 1.020070e-009  1.7309e-002
 1.021070e-009  1.1026e-002
 1.022070e-009  7.0195e-003
 1.023070e-009  4.4691e-003
 1.024070e-009  2.8473e-003
 1.025070e-009  1.8166e-003
 1.026070e-009  1.1619e-003
 1.027070e-009  7.4606e-004
 1.028070e-009  4.8186e-004
 1.029070e-009  3.1387e-004
 1.030070e-009  2.0689e-004
 1.031070e-009  1.3861e-004
 1.032070e-009  9.4875e-005
 1.033070e-009  6.6716e-005
 1.034070e-009  4.8454e-005
 1.035070e-009  3.6491e-005
 1.036070e-009  2.8548e-005
 1.037070e-009  2.3178e-005
 1.038070e-009  1.9466e-005
 1.039070e-009  1.6827e-005
 1.040070e-009  1.4893e-005
 1.041070e-009  1.3425e-005
 1.042070e-009  1.2272e-005
 1.043070e-009  1.1335e-005
 1.044070e-009  1.0553e-005
 1.045070e-009  9.8811e-006
 1.046070e-009  9.2933e-006
 1.047070e-009  8.7703e-006
 1.048070e-009  8.2993e-006
 1.049070e-009  7.8708e-006
 1.050070e-009  7.4783e-006
 1.051070e-009  7.1166e-006
 1.052070e-009  6.7820e-006
 1.053070e-009  6.4712e-006
 1.054070e-009  6.1819e-006
 1.055070e-009  5.9118e-006
 1.056070e-009  5.6592e-006
 1.057070e-009  5.4225e-006
 1.058070e-009  5.2004e-006
 1.059070e-009  4.9916e-006
 1.060070e-009  4.7952e-006
 1.061070e-009  4.6101e-006
 1.062070e-009  4.4354e-006
 1.063070e-009  4.2705e-006
 1.064070e-009  4.1146e-006
 1.065070e-009  3.9670e-006
 1.066070e-009  3.8271e-006
 1.067070e-009  3.6945e-006
 1.068070e-009  3.5687e-006
 1.069070e-009  3.4491e-006
 1.070070e-009  3.3354e-006
 1.071070e-009  3.2273e-006
 1.072070e-009  3.1242e-006
 1.073070e-009  3.0261e-006
 1.074070e-009  2.9324e-006
 1.075070e-009  2.8430e-006
 1.076070e-009  2.7576e-006
 1.077070e-009  2.6760e-006
 1.078070e-009  2.5980e-006
 1.079070e-009  2.5233e-006
 1.080070e-009  2.4517e-006
 1.081070e-009  2.3832e-006
 1.082070e-009  2.3175e-006
 1.083070e-009  2.2544e-006
 1.084070e-009  2.1939e-006
 1.085070e-009  2.1357e-006
 1.086070e-009  2.0799e-006
 1.087070e-009  2.0262e-006
 1.088070e-009  1.9745e-006
 1.089070e-009  1.9248e-006
 1.090070e-009  1.8769e-006
 1.091070e-009  1.8308e-006
 1.092070e-009  1.7864e-006
 1.093070e-009  1.7436e-006
 1.094070e-009  1.7022e-006
 1.095070e-009  1.6624e-006
 1.096070e-009  1.6239e-006
 1.097070e-009  1.5867e-006
 1.098070e-009  1.5508e-006
 1.099070e-009  1.5160e-006
 1.100070e-009  1.4825e-006
 1.100500e-009  1.4685e-006
 1.1005312e-009  2.9340e-004
 1.1005762e-009  8.2979e-004
 1.1006212e-009  1.8752e-003
 1.1006615e-009  4.0148e-003
 1.1007021e-009  7.3843e-003
 1.1007477e-009  1.1519e-002
 1.1008011e-009  1.5408e-002
 1.1008594e-009  1.8154e-002
 1.1009136e-009  1.9842e-002
 1.1009579e-009  2.0960e-002
 1.1009979e-009  2.1871e-002
 1.10100000e-009  2.1917e-002
 1.1010209e-009  2.1972e-002
 1.101230e-009  2.0479e-002
 1.102230e-009  1.3002e-002
 1.103230e-009  7.7920e-003
 1.104230e-009  4.8976e-003
 1.105230e-009  2.9478e-003
 1.106230e-009  1.8522e-003
 1.107230e-009  1.1094e-003
 1.108230e-009  7.0453e-004
 1.109230e-009  4.1402e-004
 1.110230e-009  2.7091e-004
 1.111230e-009  1.5187e-004
 1.112230e-009  1.0649e-004
 1.113230e-009  5.3532e-005
 1.114230e-009  4.3729e-005
 1.115230e-009  1.7010e-005
 1.116230e-009  1.9450e-005
 1.117230e-009  3.7478e-006
 1.118230e-009  9.7928e-006
 1.119230e-009 -8.1592e-007
 1.120230e-009  5.7393e-006
 1.121230e-009 -2.1696e-006
 1.122230e-009  3.8693e-006
 1.123230e-009 -2.3709e-006
 1.124230e-009  2.8802e-006
 1.125230e-009 -2.1885e-006
 1.126230e-009  2.2706e-006
 1.127230e-009 -1.9033e-006
 1.128230e-009  1.8424e-006
 1.129230e-009 -1.6156e-006
 1.130230e-009  1.5166e-006
 1.131230e-009 -1.3570e-006
 1.132230e-009  1.2568e-006
 1.133230e-009 -1.1345e-006
 1.134230e-009  1.0448e-006
 1.135230e-009 -9.4653e-007
 1.136230e-009  8.6987e-007
 1.137230e-009 -7.8889e-007
 1.138230e-009  7.2476e-007
 1.139230e-009 -6.5719e-007
 1.140230e-009  6.0410e-007
 1.141230e-009 -5.4732e-007
 1.142230e-009  5.0366e-007
 1.143230e-009 -4.5573e-007
 1.144230e-009  4.2001e-007
 1.145230e-009 -3.7940e-007
 1.146230e-009  3.5032e-007
 1.147230e-009 -3.1579e-007
 1.148230e-009  2.9226e-007
 1.149230e-009 -2.6279e-007
 1.150230e-009  2.4388e-007
 1.151230e-009 -2.1863e-007
 1.152230e-009  2.0358e-007
 1.153230e-009 -1.8183e-007
 1.154230e-009  1.6999e-007
 1.155230e-009 -1.5116e-007
 1.156230e-009  1.4200e-007
 1.157230e-009 -1.2561e-007
 1.158230e-009  1.1868e-007
 1.159230e-009 -1.0432e-007
 1.160230e-009  9.9245e-008
 1.161230e-009 -8.6583e-008
 1.162230e-009  8.3051e-008
 1.163230e-009 -7.1800e-008
 1.164230e-009  6.9557e-008
 1.165230e-009 -5.9482e-008
 1.166230e-009  5.8312e-008
 1.167230e-009 -4.9217e-008
 1.168230e-009  4.8942e-008
 1.169230e-009 -4.0663e-008
 1.170230e-009  4.1133e-008
 1.171230e-009 -3.3535e-008
 1.172230e-009  3.4627e-008
 1.173230e-009 -2.7595e-008
 1.174230e-009  2.9205e-008
 1.175230e-009 -2.2645e-008
 1.176230e-009  2.4686e-008
 1.177230e-009 -1.8521e-008
 1.178230e-009  2.0921e-008
 1.179230e-009 -1.5084e-008
 1.180230e-009  1.7784e-008
 1.181230e-009 -1.2220e-008
 1.182230e-009  1.5169e-008
 1.183230e-009 -9.8329e-009
 1.184230e-009  1.2991e-008
 1.185230e-009 -7.8441e-009
 1.186230e-009  1.1175e-008
 1.187230e-009 -6.1867e-009
 1.188230e-009  9.6623e-009
 1.189230e-009 -4.8057e-009
 1.190230e-009  8.4015e-009
 1.191230e-009 -3.6548e-009
 1.192230e-009  7.3510e-009
 1.193230e-009 -2.6958e-009
 1.194230e-009  6.4755e-009
 1.195230e-009 -1.8966e-009
 1.196230e-009  5.7460e-009
 1.197230e-009 -1.2306e-009
 1.198230e-009  5.1380e-009
 1.199230e-009 -6.7565e-010
 1.200000e-009  4.5629e-009

* SIMULATION STATISTICS:
*   DC operating point
*     Total DC operating points           = 2
*     Total Newton iterations             = 27
*     Total Current evaluations           = 117
*   Transient analysis
*     Transient timesteps                 = 1440
*       Successful timesteps              = 1440
*       Failed timesteps                  = 0
*       Newton non-convergence failures   = 0
*       Delta voltage (dv) failures       = 0
*     Newton iterations                   = 1743
*       Successful Newton iterations      = 1743
*       Failed Newton iterations          = 0
*     Average Newton iterations/timestep  = 1.210       
*     Average Newton iterations/success   = 1.210       
*     Current evaluations                 = 3184
*
*   Matrix statistics:          OP         TRAN
*     Matrix factors            27         1743
*     Matrix solves             27         1743
*     Size                       3            3
*     Initial elements           6            9
*     Final elements             6            9
*     Fill-ins                   0            0
*     Initial density        76.95%      100.00%
*     Final density          76.95%      100.00%
*
*   Total matrix factorizations           = 1770
*   Total matrix-vector solves            = 1770
*   Total matrix solve time (seconds)     = 0           
*
*   T-Spice process times
*     Newton solver                0.04 seconds
*     Current evaluations          0.02 seconds
*     Jacobian construction        0.02 seconds
*     Linear solver                0.00 seconds
*
*

* Parsing                      0.00 seconds
* Setup                        0.05 seconds
* DC operating point           0.00 seconds
* DC operating point           0.00 seconds
* Transient Analysis           0.04 seconds
* Overhead                     0.01 seconds
* -----------------------------------------
* Total                        0.10 seconds


* End of T-Spice output file
