* Key: 572ffdb45f4d1fef93fa674a440d8e7a
* T-Spice Demo 9.12 Simulation	Sat Oct 22 13:43:10 2022	F:\IIT Dhanbad\1st Semester\Digital VLSI Lab\Day 1\Assignment_5.sp
* Command line: tspice -o "F:\IIT Dhanbad\1st Semester\Digital VLSI Lab\Day 1\Assignment_5.out" "F:\IIT Dhanbad\1st Semester\Digital VLSI Lab\Day 1\Assignment_5.sp" 
* T-Spice Win32 Demo 9.12.20040112.04:26:10
* Operating System: Windows NT/95
* Warning : Source perimeter (PS) is zero for MOSFET device M1
* Warning : Drain perimeter (PD) is zero for MOSFET device M1
* Warning : Source perimeter (PS) is zero for MOSFET device M2
* Warning : Drain perimeter (PD) is zero for MOSFET device M2

*SEDIT: Alter blocks = 0

* 
* Device and node counts:
*             MOSFETs - 2                 MOSFET geometries - 2       
*                BJTs - 0                             JFETs - 0       
*             MESFETs - 0                            Diodes - 0       
*          Capacitors - 1                         Resistors - 0       
*           Inductors - 0                  Mutual inductors - 0       
*  Transmission lines - 0        Coupled transmission lines - 0       
*     Voltage sources - 2                   Current sources - 0       
*                VCVS - 0                              VCCS - 0       
*                CCVS - 0                              CCCS - 0       
*    V-control switch - 0                  I-control switch - 0       
*       Macro devices - 0        External C model instances - 0       
*         Subcircuits - 0              Subcircuit instances - 0       
*   Independent nodes - 1                    Boundary nodes - 3       
*         Total nodes - 4       

* *** 4 WARNING MESSAGES GENERATED DURING SETUP


*SEDIT: Alter=0
*SEDIT: Analysis types DCOP 1 ACMODEL 1 AC 0 TRANSIENT 1 TRANSFER 0 NOISE 0 

* BEGIN NON-GRAPHICAL DATA

DC ANALYSIS
v(1) =   5.0000e+000
v(2) =   1.9830e-009
v(3) =   5.0000e+000
i(VIN) =  -0.0000e+000
i(VDD) =  -5.0500e-012

* END NON-GRAPHICAL DATA

* BEGIN NON-GRAPHICAL DATA

AC SMALL-SIGNAL MODELS

              0             1          
              M1            M2           
MODEL         MOSN          MOSP         
TYPE          NMOS          PMOS         
REGION        Linear        Cutoff       
ID               4.68972p      0.      
IBS              0.            0.      
IBD           -1.98e-023     -50.00000f
VGS              5.00000       0.      
VDS              1.98297n     -5.00000 
VBS              0.            0.      
VTH            699.99988m   -699.99972m
VDSAT            4.30000     699.99886m
RS               0.            0.      
RD               0.            0.      
GM               1.09063p      0.      
GDS              2.36500m      0.      
GMB            260.71116f      0.      
GBD             10.00000f     10.00000f
GBS            389.22857f    389.23393f
CDTOT          575.52217a      1.43881f
CGTOT            1.72657f      4.31642f
CSTOT          575.52217a      1.43881f
CBTOT          575.52217a      1.43881f
CGS            575.52217a      1.43881f
CGD            575.52217a      1.43881f
CGB            575.52217a      1.43881f
CBD              0.            0.      
CBS              0.            0.      


* VOLTAGE SOURCES

              2             3          
              VIN           VDD          
VOLTAGE          5.00000       5.00000 
CURRENT          0.           -5.05000p
POWER            0.          -25.25000p


Element name cross-reference:
      0 : M1
      1 : M2
      2 : VIN
      3 : VDD

* END NON-GRAPHICAL DATA

*WEDIT: .tran   1e-012   8e-010
TRANSIENT ANALYSIS
Time<s>            v(2)<V>      v(1)<V>
 0.000000e+000  5.0000e+000  0.0000e+000
 6.250000e-014  5.1186e+000  3.1250e+000
 8.218750e-014  5.1552e+000  4.1094e+000
 1.000000e-013  5.1876e+000  5.0000e+000
 1.315000e-013  5.1839e+000  5.0000e+000
 4.465000e-013  5.1468e+000  5.0000e+000
 2.446500e-012  4.9119e+000  5.0000e+000
 4.446500e-012  4.6789e+000  5.0000e+000
 6.446500e-012  4.4477e+000  5.0000e+000
 8.446499e-012  4.2184e+000  5.0000e+000
 1.044649e-011  3.9914e+000  5.0000e+000
 1.244649e-011  3.7678e+000  5.0000e+000
 1.444649e-011  3.5488e+000  5.0000e+000
 1.644649e-011  3.3354e+000  5.0000e+000
 1.844649e-011  3.1283e+000  5.0000e+000
 2.044649e-011  2.9284e+000  5.0000e+000
 2.244649e-011  2.7362e+000  5.0000e+000
 2.444649e-011  2.5522e+000  5.0000e+000
 2.644649e-011  2.3766e+000  5.0000e+000
 2.844649e-011  2.2097e+000  5.0000e+000
 3.044649e-011  2.0516e+000  5.0000e+000
 3.244649e-011  1.9022e+000  5.0000e+000
 3.444649e-011  1.7616e+000  5.0000e+000
 3.644649e-011  1.6294e+000  5.0000e+000
 3.844649e-011  1.5056e+000  5.0000e+000
 4.044649e-011  1.3898e+000  5.0000e+000
 4.244649e-011  1.2817e+000  5.0000e+000
 4.444649e-011  1.1811e+000  5.0000e+000
 4.644649e-011  1.0875e+000  5.0000e+000
 4.844649e-011  1.0006e+000  5.0000e+000
 5.044649e-011  9.2007e-001  5.0000e+000
 5.244649e-011  8.4550e-001  5.0000e+000
 5.444649e-011  7.7655e-001  5.0000e+000
 5.644649e-011  7.1286e-001  5.0000e+000
 5.844649e-011  6.5408e-001  5.0000e+000
 6.044650e-011  5.9990e-001  5.0000e+000
 6.244650e-011  5.5000e-001  5.0000e+000
 6.444650e-011  5.0407e-001  5.0000e+000
 6.644650e-011  4.6182e-001  5.0000e+000
 6.844650e-011  4.2298e-001  5.0000e+000
 7.044650e-011  3.8731e-001  5.0000e+000
 7.244650e-011  3.5456e-001  5.0000e+000
 7.444650e-011  3.2450e-001  5.0000e+000
 7.644650e-011  2.9693e-001  5.0000e+000
 7.844650e-011  2.7165e-001  5.0000e+000
 8.044650e-011  2.4848e-001  5.0000e+000
 8.244650e-011  2.2724e-001  5.0000e+000
 8.444650e-011  2.0780e-001  5.0000e+000
 8.644650e-011  1.8999e-001  5.0000e+000
 8.844650e-011  1.7369e-001  5.0000e+000
 9.044650e-011  1.5876e-001  5.0000e+000
 9.244650e-011  1.4511e-001  5.0000e+000
 9.444650e-011  1.3262e-001  5.0000e+000
 9.644650e-011  1.2119e-001  5.0000e+000
 9.844650e-011  1.1074e-001  5.0000e+000
 1.004465e-010  1.0118e-001  5.0000e+000
 1.024465e-010  9.2443e-002  5.0000e+000
 1.044465e-010  8.4454e-002  5.0000e+000
 1.064465e-010  7.7152e-002  5.0000e+000
 1.084465e-010  7.0477e-002  5.0000e+000
 1.104465e-010  6.4378e-002  5.0000e+000
 1.124465e-010  5.8803e-002  5.0000e+000
 1.144465e-010  5.3710e-002  5.0000e+000
 1.164465e-010  4.9055e-002  5.0000e+000
 1.184465e-010  4.4803e-002  5.0000e+000
 1.204465e-010  4.0918e-002  5.0000e+000
 1.224465e-010  3.7369e-002  5.0000e+000
 1.244465e-010  3.4127e-002  5.0000e+000
 1.264465e-010  3.1166e-002  5.0000e+000
 1.284465e-010  2.8461e-002  5.0000e+000
 1.304465e-010  2.5990e-002  5.0000e+000
 1.324465e-010  2.3734e-002  5.0000e+000
 1.344465e-010  2.1673e-002  5.0000e+000
 1.364465e-010  1.9791e-002  5.0000e+000
 1.384465e-010  1.8072e-002  5.0000e+000
 1.404465e-010  1.6502e-002  5.0000e+000
 1.424465e-010  1.5068e-002  5.0000e+000
 1.444465e-010  1.3759e-002  5.0000e+000
 1.464465e-010  1.2563e-002  5.0000e+000
 1.484465e-010  1.1471e-002  5.0000e+000
 1.504465e-010  1.0474e-002  5.0000e+000
 1.524465e-010  9.5639e-003  5.0000e+000
 1.544465e-010  8.7326e-003  5.0000e+000
 1.564465e-010  7.9735e-003  5.0000e+000
 1.584465e-010  7.2803e-003  5.0000e+000
 1.604465e-010  6.6474e-003  5.0000e+000
 1.624465e-010  6.0695e-003  5.0000e+000
 1.644465e-010  5.5418e-003  5.0000e+000
 1.664465e-010  5.0599e-003  5.0000e+000
 1.684465e-010  4.6200e-003  5.0000e+000
 1.704465e-010  4.2182e-003  5.0000e+000
 1.724464e-010  3.8514e-003  5.0000e+000
 1.744464e-010  3.5165e-003  5.0000e+000
 1.764464e-010  3.2107e-003  5.0000e+000
 1.784464e-010  2.9315e-003  5.0000e+000
 1.804464e-010  2.6766e-003  5.0000e+000
 1.824464e-010  2.4438e-003  5.0000e+000
 1.844464e-010  2.2313e-003  5.0000e+000
 1.864464e-010  2.0372e-003  5.0000e+000
 1.884464e-010  1.8601e-003  5.0000e+000
 1.904464e-010  1.6983e-003  5.0000e+000
 1.924464e-010  1.5506e-003  5.0000e+000
 1.944464e-010  1.4157e-003  5.0000e+000
 1.964464e-010  1.2926e-003  5.0000e+000
 1.984464e-010  1.1802e-003  5.0000e+000
 2.001000e-010  1.0977e-003  5.0000e+000
 2.001625e-010 -1.1739e-001  1.8750e+000
 2.001940e-010 -1.7503e-001  3.0000e-001
 2.0020000e-010 -1.8591e-001  0.0000e+000
 2.0020900e-010 -1.8480e-001  0.0000e+000
 2.002990e-010 -1.7373e-001  0.0000e+000
 2.011989e-010 -6.3231e-002  0.0000e+000
 2.028263e-010  1.3533e-001  0.0000e+000
 2.048263e-010  3.7722e-001  0.0000e+000
 2.068263e-010  6.1675e-001  0.0000e+000
 2.088263e-010  8.5381e-001  0.0000e+000
 2.108263e-010  1.0876e+000  0.0000e+000
 2.128263e-010  1.3169e+000  0.0000e+000
 2.148263e-010  1.5406e+000  0.0000e+000
 2.168263e-010  1.7576e+000  0.0000e+000
 2.188263e-010  1.9671e+000  0.0000e+000
 2.208263e-010  2.1685e+000  0.0000e+000
 2.228263e-010  2.3612e+000  0.0000e+000
 2.248263e-010  2.5449e+000  0.0000e+000
 2.268263e-010  2.7194e+000  0.0000e+000
 2.288263e-010  2.8845e+000  0.0000e+000
 2.308263e-010  3.0402e+000  0.0000e+000
 2.328263e-010  3.1867e+000  0.0000e+000
 2.348263e-010  3.3242e+000  0.0000e+000
 2.368263e-010  3.4528e+000  0.0000e+000
 2.388263e-010  3.5729e+000  0.0000e+000
 2.408263e-010  3.6849e+000  0.0000e+000
 2.428263e-010  3.7891e+000  0.0000e+000
 2.448263e-010  3.8858e+000  0.0000e+000
 2.468263e-010  3.9755e+000  0.0000e+000
 2.488263e-010  4.0585e+000  0.0000e+000
 2.508263e-010  4.1353e+000  0.0000e+000
 2.528263e-010  4.2063e+000  0.0000e+000
 2.548263e-010  4.2717e+000  0.0000e+000
 2.568263e-010  4.3321e+000  0.0000e+000
 2.588263e-010  4.3877e+000  0.0000e+000
 2.608263e-010  4.4389e+000  0.0000e+000
 2.628263e-010  4.4859e+000  0.0000e+000
 2.648263e-010  4.5292e+000  0.0000e+000
 2.668263e-010  4.5689e+000  0.0000e+000
 2.688263e-010  4.6054e+000  0.0000e+000
 2.708263e-010  4.6389e+000  0.0000e+000
 2.728263e-010  4.6696e+000  0.0000e+000
 2.748263e-010  4.6977e+000  0.0000e+000
 2.768263e-010  4.7235e+000  0.0000e+000
 2.788263e-010  4.7471e+000  0.0000e+000
 2.808263e-010  4.7688e+000  0.0000e+000
 2.828263e-010  4.7886e+000  0.0000e+000
 2.848263e-010  4.8068e+000  0.0000e+000
 2.868263e-010  4.8234e+000  0.0000e+000
 2.888263e-010  4.8386e+000  0.0000e+000
 2.908263e-010  4.8525e+000  0.0000e+000
 2.928263e-010  4.8652e+000  0.0000e+000
 2.948263e-010  4.8768e+000  0.0000e+000
 2.968263e-010  4.8874e+000  0.0000e+000
 2.988263e-010  4.8972e+000  0.0000e+000
 3.008263e-010  4.9061e+000  0.0000e+000
 3.028263e-010  4.9142e+000  0.0000e+000
 3.048263e-010  4.9216e+000  0.0000e+000
 3.068263e-010  4.9284e+000  0.0000e+000
 3.088263e-010  4.9346e+000  0.0000e+000
 3.108263e-010  4.9403e+000  0.0000e+000
 3.128263e-010  4.9454e+000  0.0000e+000
 3.148263e-010  4.9502e+000  0.0000e+000
 3.168263e-010  4.9545e+000  0.0000e+000
 3.188263e-010  4.9584e+000  0.0000e+000
 3.208263e-010  4.9620e+000  0.0000e+000
 3.228263e-010  4.9653e+000  0.0000e+000
 3.248263e-010  4.9683e+000  0.0000e+000
 3.268263e-010  4.9711e+000  0.0000e+000
 3.288263e-010  4.9736e+000  0.0000e+000
 3.308263e-010  4.9759e+000  0.0000e+000
 3.328263e-010  4.9780e+000  0.0000e+000
 3.348263e-010  4.9799e+000  0.0000e+000
 3.368263e-010  4.9816e+000  0.0000e+000
 3.388263e-010  4.9832e+000  0.0000e+000
 3.408263e-010  4.9847e+000  0.0000e+000
 3.428263e-010  4.9860e+000  0.0000e+000
 3.448263e-010  4.9872e+000  0.0000e+000
 3.468263e-010  4.9884e+000  0.0000e+000
 3.488263e-010  4.9894e+000  0.0000e+000
 3.508263e-010  4.9903e+000  0.0000e+000
 3.528263e-010  4.9911e+000  0.0000e+000
 3.548263e-010  4.9919e+000  0.0000e+000
 3.568263e-010  4.9926e+000  0.0000e+000
 3.588263e-010  4.9932e+000  0.0000e+000
 3.608263e-010  4.9938e+000  0.0000e+000
 3.628263e-010  4.9944e+000  0.0000e+000
 3.648263e-010  4.9949e+000  0.0000e+000
 3.668263e-010  4.9953e+000  0.0000e+000
 3.688263e-010  4.9957e+000  0.0000e+000
 3.708263e-010  4.9961e+000  0.0000e+000
 3.728263e-010  4.9964e+000  0.0000e+000
 3.748263e-010  4.9967e+000  0.0000e+000
 3.768263e-010  4.9970e+000  0.0000e+000
 3.788263e-010  4.9973e+000  0.0000e+000
 3.808263e-010  4.9975e+000  0.0000e+000
 3.828263e-010  4.9977e+000  0.0000e+000
 3.848263e-010  4.9979e+000  0.0000e+000
 3.868263e-010  4.9981e+000  0.0000e+000
 3.888263e-010  4.9983e+000  0.0000e+000
 3.908263e-010  4.9984e+000  0.0000e+000
 3.928263e-010  4.9986e+000  0.0000e+000
 3.948263e-010  4.9987e+000  0.0000e+000
 3.968263e-010  4.9988e+000  0.0000e+000
 3.988263e-010  4.9989e+000  0.0000e+000
 4.000000e-010  4.9990e+000  0.0000e+000
 4.000625e-010  5.1175e+000  3.1250e+000
 4.0008218e-010  5.1542e+000  4.1094e+000
 4.0010000e-010  5.1866e+000  5.0000e+000
 4.0013150e-010  5.1829e+000  5.0000e+000
 4.004465e-010  5.1457e+000  5.0000e+000
 4.024465e-010  4.9109e+000  5.0000e+000
 4.044465e-010  4.6779e+000  5.0000e+000
 4.064465e-010  4.4467e+000  5.0000e+000
 4.084465e-010  4.2174e+000  5.0000e+000
 4.104465e-010  3.9904e+000  5.0000e+000
 4.124465e-010  3.7668e+000  5.0000e+000
 4.144465e-010  3.5479e+000  5.0000e+000
 4.164465e-010  3.3344e+000  5.0000e+000
 4.184465e-010  3.1274e+000  5.0000e+000
 4.204465e-010  2.9275e+000  5.0000e+000
 4.224465e-010  2.7354e+000  5.0000e+000
 4.244465e-010  2.5514e+000  5.0000e+000
 4.264465e-010  2.3758e+000  5.0000e+000
 4.284465e-010  2.2090e+000  5.0000e+000
 4.304465e-010  2.0509e+000  5.0000e+000
 4.324465e-010  1.9016e+000  5.0000e+000
 4.344465e-010  1.7610e+000  5.0000e+000
 4.364465e-010  1.6289e+000  5.0000e+000
 4.384465e-010  1.5051e+000  5.0000e+000
 4.404465e-010  1.3893e+000  5.0000e+000
 4.424465e-010  1.2813e+000  5.0000e+000
 4.444465e-010  1.1807e+000  5.0000e+000
 4.464465e-010  1.0871e+000  5.0000e+000
 4.484465e-010  1.0002e+000  5.0000e+000
 4.504465e-010  9.1973e-001  5.0000e+000
 4.524464e-010  8.4519e-001  5.0000e+000
 4.544464e-010  7.7626e-001  5.0000e+000
 4.564464e-010  7.1259e-001  5.0000e+000
 4.584464e-010  6.5384e-001  5.0000e+000
 4.604464e-010  5.9968e-001  5.0000e+000
 4.624464e-010  5.4979e-001  5.0000e+000
 4.644464e-010  5.0387e-001  5.0000e+000
 4.664464e-010  4.6164e-001  5.0000e+000
 4.684464e-010  4.2282e-001  5.0000e+000
 4.704464e-010  3.8716e-001  5.0000e+000
 4.724464e-010  3.5442e-001  5.0000e+000
 4.744464e-010  3.2437e-001  5.0000e+000
 4.764464e-010  2.9681e-001  5.0000e+000
 4.784464e-010  2.7154e-001  5.0000e+000
 4.804464e-010  2.4838e-001  5.0000e+000
 4.824464e-010  2.2715e-001  5.0000e+000
 4.844464e-010  2.0772e-001  5.0000e+000
 4.864464e-010  1.8991e-001  5.0000e+000
 4.884464e-010  1.7362e-001  5.0000e+000
 4.904464e-010  1.5870e-001  5.0000e+000
 4.924464e-010  1.4505e-001  5.0000e+000
 4.944464e-010  1.3256e-001  5.0000e+000
 4.964464e-010  1.2114e-001  5.0000e+000
 4.984464e-010  1.1069e-001  5.0000e+000
 5.004464e-010  1.0114e-001  5.0000e+000
 5.024464e-010  9.2406e-002  5.0000e+000
 5.044464e-010  8.4421e-002  5.0000e+000
 5.064464e-010  7.7121e-002  5.0000e+000
 5.084464e-010  7.0449e-002  5.0000e+000
 5.104464e-010  6.4352e-002  5.0000e+000
 5.124464e-010  5.8780e-002  5.0000e+000
 5.144464e-010  5.3688e-002  5.0000e+000
 5.164464e-010  4.9036e-002  5.0000e+000
 5.184464e-010  4.4785e-002  5.0000e+000
 5.204464e-010  4.0902e-002  5.0000e+000
 5.224464e-010  3.7355e-002  5.0000e+000
 5.244464e-010  3.4114e-002  5.0000e+000
 5.264464e-010  3.1154e-002  5.0000e+000
 5.284464e-010  2.8450e-002  5.0000e+000
 5.304464e-010  2.5980e-002  5.0000e+000
 5.324464e-010  2.3724e-002  5.0000e+000
 5.344464e-010  2.1664e-002  5.0000e+000
 5.364464e-010  1.9783e-002  5.0000e+000
 5.384464e-010  1.8064e-002  5.0000e+000
 5.404464e-010  1.6495e-002  5.0000e+000
 5.424464e-010  1.5062e-002  5.0000e+000
 5.444464e-010  1.3753e-002  5.0000e+000
 5.464464e-010  1.2558e-002  5.0000e+000
 5.484464e-010  1.1467e-002  5.0000e+000
 5.504464e-010  1.0470e-002  5.0000e+000
 5.524464e-010  9.5601e-003  5.0000e+000
 5.544464e-010  8.7291e-003  5.0000e+000
 5.564464e-010  7.9703e-003  5.0000e+000
 5.584464e-010  7.2774e-003  5.0000e+000
 5.604464e-010  6.6448e-003  5.0000e+000
 5.624464e-010  6.0671e-003  5.0000e+000
 5.644464e-010  5.5396e-003  5.0000e+000
 5.664464e-010  5.0579e-003  5.0000e+000
 5.684464e-010  4.6181e-003  5.0000e+000
 5.704464e-010  4.2166e-003  5.0000e+000
 5.724464e-010  3.8499e-003  5.0000e+000
 5.744464e-010  3.5151e-003  5.0000e+000
 5.764464e-010  3.2094e-003  5.0000e+000
 5.784464e-010  2.9303e-003  5.0000e+000
 5.804464e-010  2.6755e-003  5.0000e+000
 5.824464e-010  2.4428e-003  5.0000e+000
 5.844464e-010  2.2304e-003  5.0000e+000
 5.864464e-010  2.0364e-003  5.0000e+000
 5.884464e-010  1.8593e-003  5.0000e+000
 5.904464e-010  1.6976e-003  5.0000e+000
 5.924464e-010  1.5500e-003  5.0000e+000
 5.944464e-010  1.4152e-003  5.0000e+000
 5.964464e-010  1.2921e-003  5.0000e+000
 5.984464e-010  1.1797e-003  5.0000e+000
 6.001000e-010  1.0972e-003  5.0000e+000
 6.001625e-010 -1.1739e-001  1.8750e+000
 6.0019400e-010 -1.7503e-001  3.0000e-001
 6.00200000e-010 -1.8591e-001  0.0000e+000
 6.0020900e-010 -1.8480e-001  0.0000e+000
 6.002989e-010 -1.7373e-001  0.0000e+000
 6.011989e-010 -6.3231e-002  0.0000e+000
 6.028263e-010  1.3533e-001  0.0000e+000
 6.048263e-010  3.7722e-001  0.0000e+000
 6.068263e-010  6.1675e-001  0.0000e+000
 6.088263e-010  8.5381e-001  0.0000e+000
 6.108263e-010  1.0876e+000  0.0000e+000
 6.128263e-010  1.3169e+000  0.0000e+000
 6.148263e-010  1.5406e+000  0.0000e+000
 6.168263e-010  1.7576e+000  0.0000e+000
 6.188263e-010  1.9671e+000  0.0000e+000
 6.208263e-010  2.1685e+000  0.0000e+000
 6.228263e-010  2.3612e+000  0.0000e+000
 6.248263e-010  2.5449e+000  0.0000e+000
 6.268263e-010  2.7194e+000  0.0000e+000
 6.288263e-010  2.8845e+000  0.0000e+000
 6.308263e-010  3.0402e+000  0.0000e+000
 6.328263e-010  3.1867e+000  0.0000e+000
 6.348263e-010  3.3242e+000  0.0000e+000
 6.368263e-010  3.4528e+000  0.0000e+000
 6.388263e-010  3.5729e+000  0.0000e+000
 6.408263e-010  3.6849e+000  0.0000e+000
 6.428263e-010  3.7891e+000  0.0000e+000
 6.448263e-010  3.8858e+000  0.0000e+000
 6.468263e-010  3.9755e+000  0.0000e+000
 6.488263e-010  4.0585e+000  0.0000e+000
 6.508263e-010  4.1353e+000  0.0000e+000
 6.528263e-010  4.2063e+000  0.0000e+000
 6.548263e-010  4.2717e+000  0.0000e+000
 6.568263e-010  4.3321e+000  0.0000e+000
 6.588263e-010  4.3877e+000  0.0000e+000
 6.608263e-010  4.4389e+000  0.0000e+000
 6.628263e-010  4.4859e+000  0.0000e+000
 6.648263e-010  4.5292e+000  0.0000e+000
 6.668263e-010  4.5689e+000  0.0000e+000
 6.688263e-010  4.6054e+000  0.0000e+000
 6.708263e-010  4.6389e+000  0.0000e+000
 6.728263e-010  4.6696e+000  0.0000e+000
 6.748263e-010  4.6977e+000  0.0000e+000
 6.768263e-010  4.7235e+000  0.0000e+000
 6.788263e-010  4.7471e+000  0.0000e+000
 6.808263e-010  4.7688e+000  0.0000e+000
 6.828263e-010  4.7886e+000  0.0000e+000
 6.848263e-010  4.8068e+000  0.0000e+000
 6.868263e-010  4.8234e+000  0.0000e+000
 6.888263e-010  4.8386e+000  0.0000e+000
 6.908263e-010  4.8525e+000  0.0000e+000
 6.928263e-010  4.8652e+000  0.0000e+000
 6.948263e-010  4.8768e+000  0.0000e+000
 6.968263e-010  4.8874e+000  0.0000e+000
 6.988263e-010  4.8972e+000  0.0000e+000
 7.008263e-010  4.9061e+000  0.0000e+000
 7.028263e-010  4.9142e+000  0.0000e+000
 7.048263e-010  4.9216e+000  0.0000e+000
 7.068263e-010  4.9284e+000  0.0000e+000
 7.088263e-010  4.9346e+000  0.0000e+000
 7.108263e-010  4.9403e+000  0.0000e+000
 7.128263e-010  4.9454e+000  0.0000e+000
 7.148263e-010  4.9502e+000  0.0000e+000
 7.168263e-010  4.9545e+000  0.0000e+000
 7.188263e-010  4.9584e+000  0.0000e+000
 7.208263e-010  4.9620e+000  0.0000e+000
 7.228263e-010  4.9653e+000  0.0000e+000
 7.248263e-010  4.9683e+000  0.0000e+000
 7.268263e-010  4.9711e+000  0.0000e+000
 7.288263e-010  4.9736e+000  0.0000e+000
 7.308263e-010  4.9759e+000  0.0000e+000
 7.328263e-010  4.9780e+000  0.0000e+000
 7.348263e-010  4.9799e+000  0.0000e+000
 7.368263e-010  4.9816e+000  0.0000e+000
 7.388263e-010  4.9832e+000  0.0000e+000
 7.408263e-010  4.9847e+000  0.0000e+000
 7.428263e-010  4.9860e+000  0.0000e+000
 7.448263e-010  4.9872e+000  0.0000e+000
 7.468263e-010  4.9884e+000  0.0000e+000
 7.488263e-010  4.9894e+000  0.0000e+000
 7.508263e-010  4.9903e+000  0.0000e+000
 7.528263e-010  4.9911e+000  0.0000e+000
 7.548263e-010  4.9919e+000  0.0000e+000
 7.568263e-010  4.9926e+000  0.0000e+000
 7.588263e-010  4.9932e+000  0.0000e+000
 7.608263e-010  4.9938e+000  0.0000e+000
 7.628263e-010  4.9944e+000  0.0000e+000
 7.648263e-010  4.9949e+000  0.0000e+000
 7.668263e-010  4.9953e+000  0.0000e+000
 7.688263e-010  4.9957e+000  0.0000e+000
 7.708263e-010  4.9961e+000  0.0000e+000
 7.728263e-010  4.9964e+000  0.0000e+000
 7.748263e-010  4.9967e+000  0.0000e+000
 7.768263e-010  4.9970e+000  0.0000e+000
 7.788263e-010  4.9973e+000  0.0000e+000
 7.808263e-010  4.9975e+000  0.0000e+000
 7.828263e-010  4.9977e+000  0.0000e+000
 7.848263e-010  4.9979e+000  0.0000e+000
 7.868263e-010  4.9981e+000  0.0000e+000
 7.888263e-010  4.9983e+000  0.0000e+000
 7.908263e-010  4.9984e+000  0.0000e+000
 7.928263e-010  4.9986e+000  0.0000e+000
 7.948263e-010  4.9987e+000  0.0000e+000
 7.968263e-010  4.9988e+000  0.0000e+000
 7.988263e-010  4.9989e+000  0.0000e+000
 8.000000e-010  4.9990e+000  0.0000e+000

* SIMULATION STATISTICS:
*   DC operating point
*     Total DC operating points           = 2
*     Total Newton iterations             = 5
*     Total Current evaluations           = 7
*   Transient analysis
*     Transient timesteps                 = 422
*       Successful timesteps              = 422
*       Failed timesteps                  = 0
*       Newton non-convergence failures   = 0
*       Delta voltage (dv) failures       = 0
*     Newton iterations                   = 422
*       Successful Newton iterations      = 422
*       Failed Newton iterations          = 0
*     Average Newton iterations/timestep  = 1.000       
*     Average Newton iterations/success   = 1.000       
*     Current evaluations                 = 845
*
*   Matrix statistics:          OP         TRAN
*     Matrix factors             5          422
*     Matrix solves              5          422
*     Size                       1            1
*     Initial elements           1            1
*     Final elements             1            1
*     Fill-ins                   0            0
*     Initial density       100.00%      100.00%
*     Final density         100.00%      100.00%
*
*   Total matrix factorizations           = 427
*   Total matrix-vector solves            = 427
*   Total matrix solve time (seconds)     = 0           
*
*   T-Spice process times
*     Newton solver                0.00 seconds
*     Current evaluations          0.00 seconds
*     Jacobian construction        0.00 seconds
*     Linear solver                0.00 seconds
*
*

* Parsing                      0.00 seconds
* Setup                        0.00 seconds
* DC operating point           0.00 seconds
* DC operating point           0.00 seconds
* Transient Analysis           0.01 seconds
* Overhead                     0.03 seconds
* -----------------------------------------
* Total                        0.05 seconds


* End of T-Spice output file
