* Warning : Source perimeter (PS) is zero for MOSFET device M1
* Warning : Drain perimeter (PD) is zero for MOSFET device M1
* Warning : Source perimeter (PS) is zero for MOSFET device M2
* Warning : Drain perimeter (PD) is zero for MOSFET device M2
* Warning : Source perimeter (PS) is zero for MOSFET device M3
* Warning : Drain perimeter (PD) is zero for MOSFET device M3
* Warning : Source perimeter (PS) is zero for MOSFET device M4
* Warning : Drain perimeter (PD) is zero for MOSFET device M4
* Warning : Source perimeter (PS) is zero for MOSFET device M5
* Warning : Drain perimeter (PD) is zero for MOSFET device M5
*
* Warning : Disabling printout of duplicate warning messages.
*         : 	Use '.options maxmsg=0' to view all warnings,
*         : 	or increase maxmsg from 5 to view more messages.
*

*SEDIT: Alter blocks = 0

* 
* Device and node counts:
*             MOSFETs - 6                 MOSFET geometries - 6       
*                BJTs - 0                             JFETs - 0       
*             MESFETs - 0                            Diodes - 0       
*          Capacitors - 0                         Resistors - 0       
*           Inductors - 0                  Mutual inductors - 0       
*  Transmission lines - 0        Coupled transmission lines - 0       
*     Voltage sources - 2                   Current sources - 0       
*                VCVS - 0                              VCCS - 0       
*                CCVS - 0                              CCCS - 0       
*    V-control switch - 0                  I-control switch - 0       
*       Macro devices - 0        External C model instances - 0       
*         Subcircuits - 0              Subcircuit instances - 0       
*   Independent nodes - 3                    Boundary nodes - 3       
*         Total nodes - 6       

* *** 11 WARNING MESSAGES GENERATED DURING SETUP


*SEDIT: Alter=0
*SEDIT: Analysis types DCOP 1 ACMODEL 1 AC 0 TRANSIENT 0 TRANSFER 1 NOISE 0 

* BEGIN NON-GRAPHICAL DATA

DC ANALYSIS
v(1) =   5.0000e+000
v(2) =   1.9830e-009
v(3) =   5.0000e+000
v(4) =   3.4065e-009
v(5) =   5.1859e-009
i(VIN) =  -0.0000e+000
i(VDD) =  -1.5150e-011
v(2,0) =   1.9830e-009
v(4,0) =   3.4065e-009
v(5,0) =   5.1859e-009

* END NON-GRAPHICAL DATA

* BEGIN NON-GRAPHICAL DATA

AC SMALL-SIGNAL MODELS

              0             1             2             3          
              M1            M2            M3            M4           
MODEL         MOSN          MOSP          MOSN          MOSP         
TYPE          NMOS          PMOS          NMOS          PMOS         
REGION        Linear        Cutoff        Linear        Cutoff       
ID               4.68972p      0.            4.83382p      0.      
IBS              0.            0.            0.            0.      
IBD           -1.98e-023     -50.00000f   -3.41e-023     -50.00000f
VGS              5.00000       0.            5.00000       0.      
VDS              1.98297n     -5.00000       3.40649n     -5.00000 
VBS              0.            0.            0.            0.      
VTH            699.99988m   -699.99972m    699.99988m   -699.99972m
VDSAT            4.30000     699.99886m      4.30000     699.99886m
RS               0.            0.            0.            0.      
RD               0.            0.            0.            0.      
GM               1.09063p      0.            1.12414p      0.      
GDS              2.36500m      0.            1.41900m      0.      
GMB            260.71116f      0.          268.72168f      0.      
GBD             10.00000f     10.00000f     10.00000f     10.00000f
GBS            389.22857f    389.23393f    389.22857f    389.23393f
CDTOT          575.52217a    575.52217a    345.31330a    230.20887a
CGTOT            1.72657f      1.72657f      1.03594f    690.62660a
CSTOT          575.52217a    575.52217a    345.31330a    230.20887a
CBTOT          575.52217a    575.52217a    345.31330a    230.20887a
CGS            575.52217a    575.52217a    345.31330a    230.20887a
CGD            575.52217a    575.52217a    345.31330a    230.20887a
CGB            575.52217a    575.52217a    345.31330a    230.20887a
CBD              0.            0.            0.            0.      
CBS              0.            0.            0.            0.      

              4             5          
              M5            M6           
MODEL         MOSN          MOSP         
TYPE          NMOS          PMOS         
REGION        Linear        Cutoff       
ID               4.90586p      0.      
IBS              0.            0.      
IBD           -5.19e-023     -50.00000f
VGS              5.00000       0.      
VDS              5.18590n     -5.00000 
VBS              0.            0.      
VTH            699.99988m   -699.99972m
VDSAT            4.30000     699.99886m
RS               0.            0.      
RD               0.            0.      
GM               1.14090p      0.      
GDS            946.00003u      0.      
GMB            272.72694f      0.      
GBD             10.00000f     10.00000f
GBS            389.22857f    389.23393f
CDTOT          230.20887a    460.41773a
CGTOT          690.62660a      1.38125f
CSTOT          230.20887a    460.41773a
CBTOT          230.20887a    460.41773a
CGS            230.20887a    460.41773a
CGD            230.20887a    460.41773a
CGB            230.20887a    460.41773a
CBD              0.            0.      
CBS              0.            0.      


* VOLTAGE SOURCES

              6             7          
              VIN           VDD          
VOLTAGE          5.00000       5.00000 
CURRENT          0.          -15.15000p
POWER            0.          -75.75000p


Element name cross-reference:
      0 : M1
      1 : M2
      2 : M3
      3 : M4
      4 : M5
      5 : M6
      6 : VIN
      7 : VDD

* END NON-GRAPHICAL DATA

*WEDIT: XFER cycles VIN  501
*WEDIT: .dc VIN        0        5     0.01
TRANSFER ANALYSIS
       VIN<V>    v(2,0)<V>    v(4,0)<V>    v(5,0)<V>
 0.0000e+000  5.0000e+000  5.0000e+000  5.0000e+000
 1.0000e-002  5.0000e+000  5.0000e+000  5.0000e+000
 2.0000e-002  5.0000e+000  5.0000e+000  5.0000e+000
 3.0000e-002  5.0000e+000  5.0000e+000  5.0000e+000
 4.0000e-002  5.0000e+000  5.0000e+000  5.0000e+000
 5.0000e-002  5.0000e+000  5.0000e+000  5.0000e+000
 6.0000e-002  5.0000e+000  5.0000e+000  5.0000e+000
 7.0000e-002  5.0000e+000  5.0000e+000  5.0000e+000
 8.0000e-002  5.0000e+000  5.0000e+000  5.0000e+000
 9.0000e-002  5.0000e+000  5.0000e+000  5.0000e+000
 1.0000e-001  5.0000e+000  5.0000e+000  5.0000e+000
 1.1000e-001  5.0000e+000  5.0000e+000  5.0000e+000
 1.2000e-001  5.0000e+000  5.0000e+000  5.0000e+000
 1.3000e-001  5.0000e+000  5.0000e+000  5.0000e+000
 1.4000e-001  5.0000e+000  5.0000e+000  5.0000e+000
 1.5000e-001  5.0000e+000  5.0000e+000  5.0000e+000
 1.6000e-001  5.0000e+000  5.0000e+000  5.0000e+000
 1.7000e-001  5.0000e+000  5.0000e+000  5.0000e+000
 1.8000e-001  5.0000e+000  5.0000e+000  5.0000e+000
 1.9000e-001  5.0000e+000  5.0000e+000  5.0000e+000
 2.0000e-001  5.0000e+000  5.0000e+000  5.0000e+000
 2.1000e-001  5.0000e+000  5.0000e+000  5.0000e+000
 2.2000e-001  5.0000e+000  5.0000e+000  5.0000e+000
 2.3000e-001  5.0000e+000  5.0000e+000  5.0000e+000
 2.4000e-001  5.0000e+000  5.0000e+000  5.0000e+000
 2.5000e-001  5.0000e+000  5.0000e+000  5.0000e+000
 2.6000e-001  5.0000e+000  5.0000e+000  5.0000e+000
 2.7000e-001  5.0000e+000  5.0000e+000  5.0000e+000
 2.8000e-001  5.0000e+000  5.0000e+000  5.0000e+000
 2.9000e-001  5.0000e+000  5.0000e+000  5.0000e+000
 3.0000e-001  5.0000e+000  5.0000e+000  5.0000e+000
 3.1000e-001  5.0000e+000  5.0000e+000  5.0000e+000
 3.2000e-001  5.0000e+000  5.0000e+000  5.0000e+000
 3.3000e-001  5.0000e+000  5.0000e+000  5.0000e+000
 3.4000e-001  5.0000e+000  5.0000e+000  5.0000e+000
 3.5000e-001  5.0000e+000  5.0000e+000  5.0000e+000
 3.6000e-001  5.0000e+000  5.0000e+000  5.0000e+000
 3.7000e-001  5.0000e+000  5.0000e+000  5.0000e+000
 3.8000e-001  5.0000e+000  5.0000e+000  5.0000e+000
 3.9000e-001  5.0000e+000  5.0000e+000  5.0000e+000
 4.0000e-001  5.0000e+000  5.0000e+000  5.0000e+000
 4.1000e-001  5.0000e+000  5.0000e+000  5.0000e+000
 4.2000e-001  5.0000e+000  5.0000e+000  5.0000e+000
 4.3000e-001  5.0000e+000  5.0000e+000  5.0000e+000
 4.4000e-001  5.0000e+000  5.0000e+000  5.0000e+000
 4.5000e-001  5.0000e+000  5.0000e+000  5.0000e+000
 4.6000e-001  5.0000e+000  5.0000e+000  5.0000e+000
 4.7000e-001  5.0000e+000  5.0000e+000  5.0000e+000
 4.8000e-001  5.0000e+000  5.0000e+000  5.0000e+000
 4.9000e-001  5.0000e+000  5.0000e+000  5.0000e+000
 5.0000e-001  5.0000e+000  5.0000e+000  5.0000e+000
 5.1000e-001  5.0000e+000  5.0000e+000  5.0000e+000
 5.2000e-001  5.0000e+000  5.0000e+000  5.0000e+000
 5.3000e-001  5.0000e+000  5.0000e+000  5.0000e+000
 5.4000e-001  5.0000e+000  5.0000e+000  5.0000e+000
 5.5000e-001  5.0000e+000  5.0000e+000  5.0000e+000
 5.6000e-001  5.0000e+000  5.0000e+000  5.0000e+000
 5.7000e-001  5.0000e+000  5.0000e+000  5.0000e+000
 5.8000e-001  5.0000e+000  5.0000e+000  5.0000e+000
 5.9000e-001  5.0000e+000  5.0000e+000  5.0000e+000
 6.0000e-001  5.0000e+000  5.0000e+000  5.0000e+000
 6.1000e-001  5.0000e+000  5.0000e+000  5.0000e+000
 6.2000e-001  5.0000e+000  5.0000e+000  5.0000e+000
 6.3000e-001  5.0000e+000  5.0000e+000  5.0000e+000
 6.4000e-001  5.0000e+000  5.0000e+000  5.0000e+000
 6.5000e-001  5.0000e+000  5.0000e+000  5.0000e+000
 6.6000e-001  5.0000e+000  5.0000e+000  5.0000e+000
 6.7000e-001  5.0000e+000  5.0000e+000  5.0000e+000
 6.8000e-001  5.0000e+000  5.0000e+000  5.0000e+000
 6.9000e-001  5.0000e+000  5.0000e+000  5.0000e+000
 7.0000e-001  5.0000e+000  5.0000e+000  5.0000e+000
 7.1000e-001  5.0000e+000  4.9999e+000  5.0000e+000
 7.2000e-001  4.9999e+000  4.9998e+000  4.9999e+000
 7.3000e-001  4.9997e+000  4.9995e+000  4.9998e+000
 7.4000e-001  4.9994e+000  4.9991e+000  4.9997e+000
 7.5000e-001  4.9991e+000  4.9986e+000  4.9995e+000
 7.6000e-001  4.9987e+000  4.9980e+000  4.9993e+000
 7.7000e-001  4.9982e+000  4.9973e+000  4.9991e+000
 7.8000e-001  4.9976e+000  4.9964e+000  4.9988e+000
 7.9000e-001  4.9970e+000  4.9954e+000  4.9985e+000
 8.0000e-001  4.9962e+000  4.9943e+000  4.9981e+000
 8.1000e-001  4.9954e+000  4.9931e+000  4.9977e+000
 8.2000e-001  4.9945e+000  4.9918e+000  4.9973e+000
 8.3000e-001  4.9936e+000  4.9904e+000  4.9968e+000
 8.4000e-001  4.9925e+000  4.9888e+000  4.9963e+000
 8.5000e-001  4.9914e+000  4.9871e+000  4.9957e+000
 8.6000e-001  4.9902e+000  4.9853e+000  4.9951e+000
 8.7000e-001  4.9889e+000  4.9833e+000  4.9944e+000
 8.8000e-001  4.9875e+000  4.9812e+000  4.9937e+000
 8.9000e-001  4.9860e+000  4.9790e+000  4.9930e+000
 9.0000e-001  4.9845e+000  4.9767e+000  4.9922e+000
 9.1000e-001  4.9828e+000  4.9742e+000  4.9914e+000
 9.2000e-001  4.9811e+000  4.9716e+000  4.9905e+000
 9.3000e-001  4.9793e+000  4.9689e+000  4.9896e+000
 9.4000e-001  4.9773e+000  4.9660e+000  4.9887e+000
 9.5000e-001  4.9753e+000  4.9630e+000  4.9877e+000
 9.6000e-001  4.9732e+000  4.9598e+000  4.9866e+000
 9.7000e-001  4.9710e+000  4.9565e+000  4.9855e+000
 9.8000e-001  4.9688e+000  4.9531e+000  4.9844e+000
 9.9000e-001  4.9664e+000  4.9495e+000  4.9832e+000
 1.0000e+000  4.9639e+000  4.9458e+000  4.9820e+000
 1.0100e+000  4.9613e+000  4.9419e+000  4.9807e+000
 1.0200e+000  4.9587e+000  4.9379e+000  4.9794e+000
 1.0300e+000  4.9559e+000  4.9338e+000  4.9780e+000
 1.0400e+000  4.9530e+000  4.9294e+000  4.9766e+000
 1.0500e+000  4.9501e+000  4.9250e+000  4.9751e+000
 1.0600e+000  4.9470e+000  4.9203e+000  4.9736e+000
 1.0700e+000  4.9438e+000  4.9156e+000  4.9720e+000
 1.0800e+000  4.9405e+000  4.9106e+000  4.9703e+000
 1.0900e+000  4.9372e+000  4.9055e+000  4.9687e+000
 1.1000e+000  4.9337e+000  4.9003e+000  4.9669e+000
 1.1100e+000  4.9301e+000  4.8948e+000  4.9651e+000
 1.1200e+000  4.9264e+000  4.8892e+000  4.9633e+000
 1.1300e+000  4.9226e+000  4.8835e+000  4.9614e+000
 1.1400e+000  4.9186e+000  4.8776e+000  4.9594e+000
 1.1500e+000  4.9146e+000  4.8714e+000  4.9574e+000
 1.1600e+000  4.9104e+000  4.8652e+000  4.9554e+000
 1.1700e+000  4.9062e+000  4.8587e+000  4.9533e+000
 1.1800e+000  4.9018e+000  4.8521e+000  4.9511e+000
 1.1900e+000  4.8973e+000  4.8452e+000  4.9488e+000
 1.2000e+000  4.8926e+000  4.8382e+000  4.9465e+000
 1.2100e+000  4.8879e+000  4.8310e+000  4.9442e+000
 1.2200e+000  4.8830e+000  4.8237e+000  4.9418e+000
 1.2300e+000  4.8780e+000  4.8161e+000  4.9393e+000
 1.2400e+000  4.8729e+000  4.8083e+000  4.9368e+000
 1.2500e+000  4.8676e+000  4.8003e+000  4.9342e+000
 1.2600e+000  4.8623e+000  4.7921e+000  4.9315e+000
 1.2700e+000  4.8568e+000  4.7838e+000  4.9288e+000
 1.2800e+000  4.8511e+000  4.7752e+000  4.9260e+000
 1.2900e+000  4.8453e+000  4.7664e+000  4.9232e+000
 1.3000e+000  4.8394e+000  4.7573e+000  4.9203e+000
 1.3100e+000  4.8333e+000  4.7481e+000  4.9173e+000
 1.3200e+000  4.8271e+000  4.7386e+000  4.9142e+000
 1.3300e+000  4.8208e+000  4.7289e+000  4.9111e+000
 1.3400e+000  4.8143e+000  4.7190e+000  4.9079e+000
 1.3500e+000  4.8077e+000  4.7088e+000  4.9047e+000
 1.3600e+000  4.8009e+000  4.6984e+000  4.9014e+000
 1.3700e+000  4.7940e+000  4.6878e+000  4.8980e+000
 1.3800e+000  4.7869e+000  4.6769e+000  4.8945e+000
 1.3900e+000  4.7796e+000  4.6657e+000  4.8910e+000
 1.4000e+000  4.7722e+000  4.6543e+000  4.8873e+000
 1.4100e+000  4.7646e+000  4.6426e+000  4.8836e+000
 1.4200e+000  4.7569e+000  4.6307e+000  4.8799e+000
 1.4300e+000  4.7490e+000  4.6185e+000  4.8760e+000
 1.4400e+000  4.7409e+000  4.6060e+000  4.8721e+000
 1.4500e+000  4.7327e+000  4.5932e+000  4.8681e+000
 1.4600e+000  4.7242e+000  4.5801e+000  4.8640e+000
 1.4700e+000  4.7156e+000  4.5667e+000  4.8599e+000
 1.4800e+000  4.7068e+000  4.5530e+000  4.8556e+000
 1.4900e+000  4.6979e+000  4.5389e+000  4.8513e+000
 1.5000e+000  4.6887e+000  4.5246e+000  4.8469e+000
 1.5100e+000  4.6793e+000  4.5099e+000  4.8424e+000
 1.5200e+000  4.6698e+000  4.4949e+000  4.8378e+000
 1.5300e+000  4.6600e+000  4.4795e+000  4.8331e+000
 1.5400e+000  4.6500e+000  4.4637e+000  4.8283e+000
 1.5500e+000  4.6398e+000  4.4476e+000  4.8235e+000
 1.5600e+000  4.6294e+000  4.4311e+000  4.8185e+000
 1.5700e+000  4.6188e+000  4.4142e+000  4.8135e+000
 1.5800e+000  4.6080e+000  4.3969e+000  4.8083e+000
 1.5900e+000  4.5969e+000  4.3792e+000  4.8031e+000
 1.6000e+000  4.5856e+000  4.3610e+000  4.7977e+000
 1.6100e+000  4.5740e+000  4.3424e+000  4.7923e+000
 1.6200e+000  4.5622e+000  4.3234e+000  4.7867e+000
 1.6300e+000  4.5502e+000  4.3038e+000  4.7811e+000
 1.6400e+000  4.5379e+000  4.2838e+000  4.7753e+000
 1.6500e+000  4.5253e+000  4.2632e+000  4.7695e+000
 1.6600e+000  4.5125e+000  4.2421e+000  4.7635e+000
 1.6700e+000  4.4993e+000  4.2204e+000  4.7574e+000
 1.6800e+000  4.4859e+000  4.1981e+000  4.7512e+000
 1.6900e+000  4.4722e+000  4.1752e+000  4.7449e+000
 1.7000e+000  4.4582e+000  4.1517e+000  4.7385e+000
 1.7100e+000  4.4438e+000  4.1275e+000  4.7319e+000
 1.7200e+000  4.4292e+000  4.1026e+000  4.7252e+000
 1.7300e+000  4.4142e+000  4.0770e+000  4.7184e+000
 1.7400e+000  4.3988e+000  4.0506e+000  4.7115e+000
 1.7500e+000  4.3831e+000  4.0233e+000  4.7044e+000
 1.7600e+000  4.3671e+000  3.9952e+000  4.6973e+000
 1.7700e+000  4.3506e+000  3.9662e+000  4.6899e+000
 1.7800e+000  4.3338e+000  3.9361e+000  4.6825e+000
 1.7900e+000  4.3165e+000  3.9050e+000  4.6749e+000
 1.8000e+000  4.2989e+000  3.8728e+000  4.6671e+000
 1.8100e+000  4.2807e+000  3.8393e+000  4.6592e+000
 1.8200e+000  4.2622e+000  3.8045e+000  4.6512e+000
 1.8300e+000  4.2431e+000  3.7683e+000  4.6430e+000
 1.8400e+000  4.2236e+000  3.7304e+000  4.6346e+000
 1.8500e+000  4.2035e+000  3.6909e+000  4.6261e+000
 1.8600e+000  4.1828e+000  3.6494e+000  4.6174e+000
 1.8700e+000  4.1616e+000  3.6058e+000  4.6086e+000
 1.8800e+000  4.1398e+000  3.5597e+000  4.5995e+000
 1.8900e+000  4.1174e+000  3.5109e+000  4.5903e+000
 1.9000e+000  4.0943e+000  3.4588e+000  4.5810e+000
 1.9100e+000  4.0705e+000  3.4030e+000  4.5714e+000
 1.9200e+000  4.0459e+000  3.3426e+000  4.5616e+000
 1.9300e+000  4.0205e+000  3.2765e+000  4.5517e+000
 1.9400e+000  3.9943e+000  3.2032e+000  4.5415e+000
 1.9500e+000  3.9672e+000  3.1201e+000  4.5312e+000
 1.9600e+000  3.9391e+000  3.0226e+000  4.5206e+000
 1.9700e+000  3.9100e+000  2.9005e+000  4.5098e+000
 1.9800e+000  3.8797e+000  2.7187e+000  4.4987e+000
 1.9900e+000  3.8483e+000  2.4228e+000  4.4875e+000
 2.0000e+000  3.8154e+000  2.1238e+000  4.4760e+000
 2.0100e+000  3.7811e+000  1.8251e+000  4.4642e+000
 2.0200e+000  3.7452e+000  1.5270e+000  4.4522e+000
 2.0300e+000  3.7075e+000  1.2620e+000  4.4400e+000
 2.0400e+000  3.6677e+000  1.1598e+000  4.4274e+000
 2.0500e+000  3.6256e+000  1.0938e+000  4.4146e+000
 2.0600e+000  3.5809e+000  1.0420e+000  4.4015e+000
 2.0700e+000  3.5330e+000  9.9861e-001  4.3880e+000
 2.0800e+000  3.4815e+000  9.6077e-001  4.3743e+000
 2.0900e+000  3.4254e+000  9.2701e-001  4.3602e+000
 2.1000e+000  3.3637e+000  8.9642e-001  4.3458e+000
 2.1100e+000  3.2946e+000  8.6837e-001  4.3310e+000
 2.1200e+000  3.2150e+000  8.4241e-001  4.3158e+000
 2.1300e+000  3.1193e+000  8.1822e-001  4.3003e+000
 2.1400e+000  2.9929e+000  7.9554e-001  4.2843e+000
 2.1500e+000  2.7698e+000  7.7418e-001  4.2679e+000
 2.1600e+000  2.4846e+000  7.5397e-001  4.2511e+000
 2.1700e+000  2.1994e+000  7.3480e-001  4.2338e+000
 2.1800e+000  1.9142e+000  7.1656e-001  4.2160e+000
 2.1900e+000  1.6291e+000  6.9914e-001  4.1977e+000
 2.2000e+000  1.3998e+000  6.8249e-001  4.1788e+000
 2.2100e+000  1.3009e+000  6.6652e-001  4.1593e+000
 2.2200e+000  1.2318e+000  6.5120e-001  4.1392e+000
 2.2300e+000  1.1763e+000  6.3646e-001  4.1184e+000
 2.2400e+000  1.1291e+000  6.2226e-001  4.0969e+000
 2.2500e+000  1.0876e+000  6.0856e-001  4.0747e+000
 2.2600e+000  1.0504e+000  5.9534e-001  4.0516e+000
 2.2700e+000  1.0164e+000  5.8256e-001  4.0277e+000
 2.2800e+000  9.8520e-001  5.7019e-001  4.0027e+000
 2.2900e+000  9.5619e-001  5.5820e-001  3.9768e+000
 2.3000e+000  9.2907e-001  5.4658e-001  3.9496e+000
 2.3100e+000  9.0359e-001  5.3531e-001  3.9212e+000
 2.3200e+000  8.7952e-001  5.2437e-001  3.8914e+000
 2.3300e+000  8.5672e-001  5.1373e-001  3.8601e+000
 2.3400e+000  8.3503e-001  5.0339e-001  3.8269e+000
 2.3500e+000  8.1436e-001  4.9332e-001  3.7917e+000
 2.3600e+000  7.9459e-001  4.8353e-001  3.7541e+000
 2.3700e+000  7.7565e-001  4.7398e-001  3.7137e+000
 2.3800e+000  7.5748e-001  4.6468e-001  3.6699e+000
 2.3900e+000  7.4000e-001  4.5561e-001  3.6220e+000
 2.4000e+000  7.2317e-001  4.4677e-001  3.5688e+000
 2.4100e+000  7.0694e-001  4.3813e-001  3.5084e+000
 2.4200e+000  6.9127e-001  4.2971e-001  3.4376e+000
 2.4300e+000  6.7612e-001  4.2147e-001  3.3496e+000
 2.4400e+000  6.6146e-001  4.1343e-001  3.2225e+000
 2.4500e+000  6.4725e-001  4.0557e-001  2.9730e+000
 2.4600e+000  6.3348e-001  3.9789e-001  2.6987e+000
 2.4700e+000  6.2012e-001  3.9037e-001  2.4237e+000
 2.4800e+000  6.0714e-001  3.8301e-001  2.1482e+000
 2.4900e+000  5.9453e-001  3.7582e-001  1.8722e+000
 2.5000e+000  5.8226e-001  3.6877e-001  1.6655e+000
 2.5100e+000  5.7032e-001  3.6188e-001  1.5596e+000
 2.5200e+000  5.5870e-001  3.5512e-001  1.4813e+000
 2.5300e+000  5.4738e-001  3.4851e-001  1.4169e+000
 2.5400e+000  5.3634e-001  3.4202e-001  1.3613e+000
 2.5500e+000  5.2558e-001  3.3567e-001  1.3120e+000
 2.5600e+000  5.1507e-001  3.2944e-001  1.2674e+000
 2.5700e+000  5.0482e-001  3.2333e-001  1.2266e+000
 2.5800e+000  4.9481e-001  3.1735e-001  1.1888e+000
 2.5900e+000  4.8504e-001  3.1147e-001  1.1535e+000
 2.6000e+000  4.7548e-001  3.0571e-001  1.1205e+000
 2.6100e+000  4.6614e-001  3.0006e-001  1.0893e+000
 2.6200e+000  4.5701e-001  2.9451e-001  1.0598e+000
 2.6300e+000  4.4808e-001  2.8907e-001  1.0317e+000
 2.6400e+000  4.3933e-001  2.8373e-001  1.0050e+000
 2.6500e+000  4.3078e-001  2.7848e-001  9.7942e-001
 2.6600e+000  4.2240e-001  2.7333e-001  9.5494e-001
 2.6700e+000  4.1420e-001  2.6827e-001  9.3145e-001
 2.6800e+000  4.0617e-001  2.6331e-001  9.0885e-001
 2.6900e+000  3.9830e-001  2.5843e-001  8.8709e-001
 2.7000e+000  3.9059e-001  2.5364e-001  8.6610e-001
 2.7100e+000  3.8303e-001  2.4893e-001  8.4583e-001
 2.7200e+000  3.7562e-001  2.4430e-001  8.2623e-001
 2.7300e+000  3.6836e-001  2.3976e-001  8.0725e-001
 2.7400e+000  3.6123e-001  2.3529e-001  7.8887e-001
 2.7500e+000  3.5424e-001  2.3090e-001  7.7104e-001
 2.7600e+000  3.4739e-001  2.2659e-001  7.5373e-001
 2.7700e+000  3.4066e-001  2.2235e-001  7.3691e-001
 2.7800e+000  3.3406e-001  2.1818e-001  7.2057e-001
 2.7900e+000  3.2759e-001  2.1408e-001  7.0467e-001
 2.8000e+000  3.2123e-001  2.1005e-001  6.8919e-001
 2.8100e+000  3.1499e-001  2.0608e-001  6.7412e-001
 2.8200e+000  3.0886e-001  2.0218e-001  6.5944e-001
 2.8300e+000  3.0284e-001  1.9835e-001  6.4512e-001
 2.8400e+000  2.9693e-001  1.9458e-001  6.3115e-001
 2.8500e+000  2.9113e-001  1.9088e-001  6.1752e-001
 2.8600e+000  2.8543e-001  1.8723e-001  6.0422e-001
 2.8700e+000  2.7983e-001  1.8364e-001  5.9123e-001
 2.8800e+000  2.7433e-001  1.8012e-001  5.7854e-001
 2.8900e+000  2.6892e-001  1.7664e-001  5.6613e-001
 2.9000e+000  2.6361e-001  1.7323e-001  5.5400e-001
 2.9100e+000  2.5839e-001  1.6987e-001  5.4215e-001
 2.9200e+000  2.5326e-001  1.6657e-001  5.3055e-001
 2.9300e+000  2.4822e-001  1.6332e-001  5.1920e-001
 2.9400e+000  2.4327e-001  1.6012e-001  5.0809e-001
 2.9500e+000  2.3840e-001  1.5697e-001  4.9722e-001
 2.9600e+000  2.3361e-001  1.5387e-001  4.8657e-001
 2.9700e+000  2.2890e-001  1.5083e-001  4.7614e-001
 2.9800e+000  2.2428e-001  1.4783e-001  4.6593e-001
 2.9900e+000  2.1973e-001  1.4488e-001  4.5592e-001
 3.0000e+000  2.1525e-001  1.4197e-001  4.4612e-001
 3.0100e+000  2.1086e-001  1.3912e-001  4.3651e-001
 3.0200e+000  2.0653e-001  1.3630e-001  4.2709e-001
 3.0300e+000  2.0228e-001  1.3354e-001  4.1785e-001
 3.0400e+000  1.9810e-001  1.3082e-001  4.0879e-001
 3.0500e+000  1.9399e-001  1.2814e-001  3.9991e-001
 3.0600e+000  1.8994e-001  1.2550e-001  3.9120e-001
 3.0700e+000  1.8597e-001  1.2290e-001  3.8266e-001
 3.0800e+000  1.8206e-001  1.2035e-001  3.7428e-001
 3.0900e+000  1.7821e-001  1.1784e-001  3.6605e-001
 3.1000e+000  1.7443e-001  1.1537e-001  3.5798e-001
 3.1100e+000  1.7071e-001  1.1293e-001  3.5006e-001
 3.1200e+000  1.6705e-001  1.1054e-001  3.4229e-001
 3.1300e+000  1.6346e-001  1.0818e-001  3.3466e-001
 3.1400e+000  1.5992e-001  1.0586e-001  3.2718e-001
 3.1500e+000  1.5644e-001  1.0358e-001  3.1983e-001
 3.1600e+000  1.5302e-001  1.0133e-001  3.1262e-001
 3.1700e+000  1.4965e-001  9.9125e-002  3.0553e-001
 3.1800e+000  1.4634e-001  9.6952e-002  2.9858e-001
 3.1900e+000  1.4308e-001  9.4813e-002  2.9175e-001
 3.2000e+000  1.3988e-001  9.2708e-002  2.8505e-001
 3.2100e+000  1.3673e-001  9.0638e-002  2.7847e-001
 3.2200e+000  1.3364e-001  8.8601e-002  2.7201e-001
 3.2300e+000  1.3059e-001  8.6597e-002  2.6566e-001
 3.2400e+000  1.2760e-001  8.4625e-002  2.5943e-001
 3.2500e+000  1.2466e-001  8.2686e-002  2.5331e-001
 3.2600e+000  1.2176e-001  8.0778e-002  2.4730e-001
 3.2700e+000  1.1891e-001  7.8901e-002  2.4140e-001
 3.2800e+000  1.1611e-001  7.7056e-002  2.3560e-001
 3.2900e+000  1.1336e-001  7.5240e-002  2.2991e-001
 3.3000e+000  1.1066e-001  7.3455e-002  2.2432e-001
 3.3100e+000  1.0800e-001  7.1699e-002  2.1883e-001
 3.3200e+000  1.0538e-001  6.9972e-002  2.1344e-001
 3.3300e+000  1.0281e-001  6.8274e-002  2.0815e-001
 3.3400e+000  1.0029e-001  6.6605e-002  2.0295e-001
 3.3500e+000  9.7802e-002  6.4963e-002  1.9785e-001
 3.3600e+000  9.5362e-002  6.3349e-002  1.9284e-001
 3.3700e+000  9.2963e-002  6.1763e-002  1.8792e-001
 3.3800e+000  9.0605e-002  6.0203e-002  1.8309e-001
 3.3900e+000  8.8289e-002  5.8671e-002  1.7835e-001
 3.4000e+000  8.6013e-002  5.7164e-002  1.7369e-001
 3.4100e+000  8.3777e-002  5.5684e-002  1.6912e-001
 3.4200e+000  8.1580e-002  5.4229e-002  1.6463e-001
 3.4300e+000  7.9421e-002  5.2799e-002  1.6023e-001
 3.4400e+000  7.7301e-002  5.1395e-002  1.5590e-001
 3.4500e+000  7.5219e-002  5.0015e-002  1.5166e-001
 3.4600e+000  7.3175e-002  4.8660e-002  1.4749e-001
 3.4700e+000  7.1167e-002  4.7329e-002  1.4341e-001
 3.4800e+000  6.9195e-002  4.6021e-002  1.3940e-001
 3.4900e+000  6.7259e-002  4.4738e-002  1.3546e-001
 3.5000e+000  6.5359e-002  4.3477e-002  1.3160e-001
 3.5100e+000  6.3494e-002  4.2240e-002  1.2782e-001
 3.5200e+000  6.1664e-002  4.1025e-002  1.2410e-001
 3.5300e+000  5.9867e-002  3.9833e-002  1.2046e-001
 3.5400e+000  5.8105e-002  3.8663e-002  1.1689e-001
 3.5500e+000  5.6376e-002  3.7515e-002  1.1338e-001
 3.5600e+000  5.4680e-002  3.6389e-002  1.0995e-001
 3.5700e+000  5.3016e-002  3.5284e-002  1.0658e-001
 3.5800e+000  5.1385e-002  3.4201e-002  1.0328e-001
 3.5900e+000  4.9786e-002  3.3138e-002  1.0005e-001
 3.6000e+000  4.8218e-002  3.2097e-002  9.6880e-002
 3.6100e+000  4.6681e-002  3.1075e-002  9.3775e-002
 3.6200e+000  4.5175e-002  3.0075e-002  9.0734e-002
 3.6300e+000  4.3699e-002  2.9094e-002  8.7755e-002
 3.6400e+000  4.2253e-002  2.8133e-002  8.4838e-002
 3.6500e+000  4.0838e-002  2.7191e-002  8.1982e-002
 3.6600e+000  3.9451e-002  2.6270e-002  7.9187e-002
 3.6700e+000  3.8094e-002  2.5367e-002  7.6451e-002
 3.6800e+000  3.6765e-002  2.4483e-002  7.3774e-002
 3.6900e+000  3.5465e-002  2.3619e-002  7.1154e-002
 3.7000e+000  3.4193e-002  2.2772e-002  6.8593e-002
 3.7100e+000  3.2948e-002  2.1945e-002  6.6088e-002
 3.7200e+000  3.1732e-002  2.1135e-002  6.3639e-002
 3.7300e+000  3.0542e-002  2.0344e-002  6.1246e-002
 3.7400e+000  2.9379e-002  1.9570e-002  5.8908e-002
 3.7500e+000  2.8243e-002  1.8814e-002  5.6623e-002
 3.7600e+000  2.7134e-002  1.8075e-002  5.4393e-002
 3.7700e+000  2.6050e-002  1.7354e-002  5.2215e-002
 3.7800e+000  2.4993e-002  1.6650e-002  5.0090e-002
 3.7900e+000  2.3960e-002  1.5963e-002  4.8016e-002
 3.8000e+000  2.2954e-002  1.5293e-002  4.5994e-002
 3.8100e+000  2.1972e-002  1.4639e-002  4.4022e-002
 3.8200e+000  2.1015e-002  1.4002e-002  4.2101e-002
 3.8300e+000  2.0082e-002  1.3381e-002  4.0229e-002
 3.8400e+000  1.9174e-002  1.2776e-002  3.8406e-002
 3.8500e+000  1.8289e-002  1.2187e-002  3.6632e-002
 3.8600e+000  1.7429e-002  1.1614e-002  3.4906e-002
 3.8700e+000  1.6592e-002  1.1057e-002  3.3227e-002
 3.8800e+000  1.5778e-002  1.0515e-002  3.1595e-002
 3.8900e+000  1.4988e-002  9.9880e-003  3.0010e-002
 3.9000e+000  1.4220e-002  9.4766e-003  2.8471e-002
 3.9100e+000  1.3475e-002  8.9802e-003  2.6978e-002
 3.9200e+000  1.2752e-002  8.4988e-003  2.5529e-002
 3.9300e+000  1.2052e-002  8.0321e-003  2.4125e-002
 3.9400e+000  1.1373e-002  7.5800e-003  2.2766e-002
 3.9500e+000  1.0717e-002  7.1425e-003  2.1450e-002
 3.9600e+000  1.0081e-002  6.7193e-003  2.0178e-002
 3.9700e+000  9.4676e-003  6.3102e-003  1.8948e-002
 3.9800e+000  8.8749e-003  5.9153e-003  1.7761e-002
 3.9900e+000  8.3032e-003  5.5344e-003  1.6616e-002
 4.0000e+000  7.7522e-003  5.1672e-003  1.5513e-002
 4.0100e+000  7.2219e-003  4.8137e-003  1.4451e-002
 4.0200e+000  6.7118e-003  4.4739e-003  1.3430e-002
 4.0300e+000  6.2220e-003  4.1474e-003  1.2449e-002
 4.0400e+000  5.7522e-003  3.8343e-003  1.1509e-002
 4.0500e+000  5.3022e-003  3.5343e-003  1.0608e-002
 4.0600e+000  4.8718e-003  3.2475e-003  9.7468e-003
 4.0700e+000  4.4608e-003  2.9736e-003  8.9244e-003
 4.0800e+000  4.0692e-003  2.7125e-003  8.1406e-003
 4.0900e+000  3.6966e-003  2.4642e-003  7.3951e-003
 4.1000e+000  3.3430e-003  2.2285e-003  6.6874e-003
 4.1100e+000  3.0081e-003  2.0053e-003  6.0174e-003
 4.1200e+000  2.6919e-003  1.7945e-003  5.3847e-003
 4.1300e+000  2.3940e-003  1.5959e-003  4.7888e-003
 4.1400e+000  2.1145e-003  1.4096e-003  4.2295e-003
 4.1500e+000  1.8530e-003  1.2353e-003  3.7064e-003
 4.1600e+000  1.6095e-003  1.0729e-003  3.2193e-003
 4.1700e+000  1.3837e-003  9.2247e-004  2.7677e-003
 4.1800e+000  1.1756e-003  7.8374e-004  2.3514e-003
 4.1900e+000  9.8502e-004  6.5667e-004  1.9702e-003
 4.2000e+000  8.1173e-004  5.4115e-004  1.6235e-003
 4.2100e+000  6.5562e-004  4.3708e-004  1.3113e-003
 4.2200e+000  5.1655e-004  3.4436e-004  1.0331e-003
 4.2300e+000  3.9436e-004  2.6291e-004  7.8873e-004
 4.2400e+000  2.8891e-004  1.9261e-004  5.7783e-004
 4.2500e+000  2.0007e-004  1.3338e-004  4.0014e-004
 4.2600e+000  1.2768e-004  8.5125e-005  2.5537e-004
 4.2700e+000  7.1622e-005  4.7751e-005  1.4325e-004
 4.2800e+000  3.1744e-005  2.1166e-005  6.3490e-005
 4.2900e+000  7.9159e-006  5.2798e-006  1.5833e-005
 4.3000e+000  2.5444e-009  4.2481e-009  6.3518e-009
 4.3100e+000  2.5434e-009  4.2391e-009  6.3586e-009
 4.3200e+000  2.5364e-009  4.2274e-009  6.3410e-009
 4.3300e+000  2.5294e-009  4.2157e-009  6.3236e-009
 4.3400e+000  2.5225e-009  4.2041e-009  6.3062e-009
 4.3500e+000  2.5156e-009  4.1926e-009  6.2889e-009
 4.3600e+000  2.5087e-009  4.1812e-009  6.2717e-009
 4.3700e+000  2.5019e-009  4.1698e-009  6.2546e-009
 4.3800e+000  2.4951e-009  4.1584e-009  6.2376e-009
 4.3900e+000  2.4883e-009  4.1472e-009  6.2207e-009
 4.4000e+000  2.4816e-009  4.1360e-009  6.2039e-009
 4.4100e+000  2.4749e-009  4.1248e-009  6.1872e-009
 4.4200e+000  2.4682e-009  4.1137e-009  6.1706e-009
 4.4300e+000  2.4616e-009  4.1027e-009  6.1540e-009
 4.4400e+000  2.4550e-009  4.0917e-009  6.1376e-009
 4.4500e+000  2.4485e-009  4.0808e-009  6.1212e-009
 4.4600e+000  2.4420e-009  4.0700e-009  6.1049e-009
 4.4700e+000  2.4355e-009  4.0592e-009  6.0887e-009
 4.4800e+000  2.4291e-009  4.0484e-009  6.0726e-009
 4.4900e+000  2.4226e-009  4.0377e-009  6.0566e-009
 4.5000e+000  2.4163e-009  4.0271e-009  6.0407e-009
 4.5100e+000  2.4099e-009  4.0165e-009  6.0248e-009
 4.5200e+000  2.4036e-009  4.0060e-009  6.0090e-009
 4.5300e+000  2.3973e-009  3.9956e-009  5.9934e-009
 4.5400e+000  2.3911e-009  3.9852e-009  5.9777e-009
 4.5500e+000  2.3849e-009  3.9748e-009  5.9622e-009
 4.5600e+000  2.3787e-009  3.9645e-009  5.9468e-009
 4.5700e+000  2.3726e-009  3.9543e-009  5.9314e-009
 4.5800e+000  2.3664e-009  3.9441e-009  5.9161e-009
 4.5900e+000  2.3604e-009  3.9339e-009  5.9009e-009
 4.6000e+000  2.3543e-009  3.9239e-009  5.8858e-009
 4.6100e+000  2.3483e-009  3.9138e-009  5.8707e-009
 4.6200e+000  2.3423e-009  3.9038e-009  5.8558e-009
 4.6300e+000  2.3363e-009  3.8939e-009  5.8409e-009
 4.6400e+000  2.3304e-009  3.8840e-009  5.8260e-009
 4.6500e+000  2.3245e-009  3.8742e-009  5.8113e-009
 4.6600e+000  2.3186e-009  3.8644e-009  5.7966e-009
 4.6700e+000  2.3128e-009  3.8547e-009  5.7820e-009
 4.6800e+000  2.3070e-009  3.8450e-009  5.7675e-009
 4.6900e+000  2.3012e-009  3.8353e-009  5.7530e-009
 4.7000e+000  2.2955e-009  3.8258e-009  5.7386e-009
 4.7100e+000  2.2897e-009  3.8162e-009  5.7243e-009
 4.7200e+000  2.2840e-009  3.8067e-009  5.7101e-009
 4.7300e+000  2.2784e-009  3.7973e-009  5.6959e-009
 4.7400e+000  2.2727e-009  3.7879e-009  5.6818e-009
 4.7500e+000  2.2671e-009  3.7785e-009  5.6678e-009
 4.7600e+000  2.2615e-009  3.7692e-009  5.6538e-009
 4.7700e+000  2.2560e-009  3.7600e-009  5.6399e-009
 4.7800e+000  2.2504e-009  3.7507e-009  5.6261e-009
 4.7900e+000  2.2449e-009  3.7416e-009  5.6124e-009
 4.8000e+000  2.2395e-009  3.7324e-009  5.5987e-009
 4.8100e+000  2.2340e-009  3.7234e-009  5.5850e-009
 4.8200e+000  2.2286e-009  3.7143e-009  5.5715e-009
 4.8300e+000  2.2232e-009  3.7053e-009  5.5580e-009
 4.8400e+000  2.2178e-009  3.6964e-009  5.5446e-009
 4.8500e+000  2.2125e-009  3.6875e-009  5.5312e-009
 4.8600e+000  2.2072e-009  3.6786e-009  5.5179e-009
 4.8700e+000  2.2019e-009  3.6698e-009  5.5047e-009
 4.8800e+000  2.1966e-009  3.6610e-009  5.4915e-009
 4.8900e+000  2.1914e-009  3.6523e-009  5.4784e-009
 4.9000e+000  2.1861e-009  3.6436e-009  5.4654e-009
 4.9100e+000  2.1810e-009  3.6349e-009  5.4524e-009
 4.9200e+000  2.1758e-009  3.6263e-009  5.4395e-009
 4.9300e+000  2.1706e-009  3.6177e-009  5.4266e-009
 4.9400e+000  2.1655e-009  3.6092e-009  5.4138e-009
 4.9500e+000  2.1604e-009  3.6007e-009  5.4011e-009
 4.9600e+000  2.1554e-009  3.5923e-009  5.3884e-009
 4.9700e+000  2.1503e-009  3.5838e-009  5.3758e-009
 4.9800e+000  2.1453e-009  3.5755e-009  5.3632e-009
 4.9900e+000  2.1403e-009  3.5671e-009  5.3507e-009
 5.0000e+000  2.1353e-009  3.5588e-009  5.3383e-009

* SIMULATION STATISTICS:
*   DC operating point
*     Total DC operating points           = 2
*     Total Newton iterations             = 5
*     Total Current evaluations           = 7
*   DC sweep
*     DC transfer points                  = 500
*       Successful transfer points        = 500
*       Failed transfer points            = 0
*
*   Matrix statistics:          OP           DC
*     Matrix factors             5          850
*     Matrix solves              5          850
*     Size                       3            3
*     Initial elements           3            3
*     Final elements             3            3
*     Fill-ins                   0            0
*     Initial density        33.33%       33.33%
*     Final density          33.33%       33.33%
*
*   Total matrix factorizations           = 855
*   Total matrix-vector solves            = 855
*   Total matrix solve time (seconds)     = 0.001       
*
*   T-Spice process times
*     Newton solver                0.02 seconds
*     Current evaluations          0.00 seconds
*     Jacobian construction        0.01 seconds
*     Linear solver                0.00 seconds
*
*

* Parsing                      0.00 seconds
* Setup                        0.00 seconds
* DC operating point           0.00 seconds
* DC Analysis                  0.03 seconds
* Overhead                     0.02 seconds
* -----------------------------------------
* Total                        0.05 seconds


* End of T-Spice output file
